CRITICAL - 2023-11-30 05:55:52 --> The framework needs the following extension(s) installed and loaded: intl.
in SYSTEMPATH\CodeIgniter.php on line 252.
 1 SYSTEMPATH\CodeIgniter.php(252): CodeIgniter\Exceptions\FrameworkException::forMissingExtension('intl')
 2 SYSTEMPATH\CodeIgniter.php(214): CodeIgniter\CodeIgniter->resolvePlatformExtensions()
 3 FCPATH\index.php(67): CodeIgniter\CodeIgniter->initialize()
CRITICAL - 2023-11-30 05:57:06 --> The framework needs the following extension(s) installed and loaded: intl.
in SYSTEMPATH\CodeIgniter.php on line 252.
 1 SYSTEMPATH\CodeIgniter.php(252): CodeIgniter\Exceptions\FrameworkException::forMissingExtension('intl')
 2 SYSTEMPATH\CodeIgniter.php(214): CodeIgniter\CodeIgniter->resolvePlatformExtensions()
 3 FCPATH\index.php(67): CodeIgniter\CodeIgniter->initialize()
CRITICAL - 2023-11-30 05:57:48 --> The framework needs the following extension(s) installed and loaded: intl.
in SYSTEMPATH\CodeIgniter.php on line 252.
 1 SYSTEMPATH\CodeIgniter.php(252): CodeIgniter\Exceptions\FrameworkException::forMissingExtension('intl')
 2 SYSTEMPATH\CodeIgniter.php(214): CodeIgniter\CodeIgniter->resolvePlatformExtensions()
 3 FCPATH\index.php(67): CodeIgniter\CodeIgniter->initialize()
CRITICAL - 2023-11-30 06:48:38 --> The framework needs the following extension(s) installed and loaded: intl.
in SYSTEMPATH\CodeIgniter.php on line 252.
 1 SYSTEMPATH\CodeIgniter.php(252): CodeIgniter\Exceptions\FrameworkException::forMissingExtension('intl')
 2 SYSTEMPATH\CodeIgniter.php(214): CodeIgniter\CodeIgniter->resolvePlatformExtensions()
 3 FCPATH\index.php(67): CodeIgniter\CodeIgniter->initialize()
CRITICAL - 2023-11-30 06:52:39 --> The framework needs the following extension(s) installed and loaded: intl.
in SYSTEMPATH\CodeIgniter.php on line 252.
 1 SYSTEMPATH\CodeIgniter.php(252): CodeIgniter\Exceptions\FrameworkException::forMissingExtension('intl')
 2 SYSTEMPATH\CodeIgniter.php(214): CodeIgniter\CodeIgniter->resolvePlatformExtensions()
 3 FCPATH\index.php(67): CodeIgniter\CodeIgniter->initialize()
CRITICAL - 2023-11-30 07:11:24 --> The framework needs the following extension(s) installed and loaded: intl.
in SYSTEMPATH\CodeIgniter.php on line 252.
 1 SYSTEMPATH\CodeIgniter.php(252): CodeIgniter\Exceptions\FrameworkException::forMissingExtension('intl')
 2 SYSTEMPATH\CodeIgniter.php(214): CodeIgniter\CodeIgniter->resolvePlatformExtensions()
 3 ROOTPATH\spark(88): CodeIgniter\CodeIgniter->initialize()
CRITICAL - 2023-11-30 07:11:24 --> Uncaught Error: Class 'Locale' not found in F:\Mizanur_Rahman_1277622\XAMPP_7.4.3\htdocs\React\reactapp3_ci\system\I18n\TimeTrait.php:74
Stack trace:
#0 F:\Mizanur_Rahman_1277622\XAMPP_7.4.3\htdocs\React\reactapp3_ci\system\I18n\TimeTrait.php(115): CodeIgniter\I18n\Time->__construct(NULL, NULL, NULL)
#1 F:\Mizanur_Rahman_1277622\XAMPP_7.4.3\htdocs\React\reactapp3_ci\system\HTTP\ResponseTrait.php(468): CodeIgniter\I18n\Time::now()
#2 F:\Mizanur_Rahman_1277622\XAMPP_7.4.3\htdocs\React\reactapp3_ci\system\HTTP\ResponseTrait.php(446): CodeIgniter\HTTP\Response->sendHeaders()
#3 F:\Mizanur_Rahman_1277622\XAMPP_7.4.3\htdocs\React\reactapp3_ci\system\Debug\ExceptionHandler.php(81): CodeIgniter\HTTP\Response->send()
#4 F:\Mizanur_Rahman_1277622\XAMPP_7.4.3\htdocs\React\reactapp3_ci\system\Debug\Exceptions.php(149): CodeIgniter\Debug\ExceptionHandler->handle(Object(CodeIgniter\Exceptions\FrameworkException), Object(CodeIgniter\HTTP\IncomingRequest), Object(CodeIgniter\HTTP\Response), 500, 1)
#5 [internal function]: Co
【Previous Exception】
CodeIgniter\Exceptions\FrameworkException
The framework needs the following extension(s) installed and loaded: intl.
#0 F:\Mizanur_Rahman_1277622\XAMPP_7.4.3\htdocs\React\reactapp3_ci\system\CodeIgniter.php(252): CodeIgniter\Exceptions\FrameworkException::forMissingExtension('intl')
#1 F:\Mizanur_Rahman_1277622\XAMPP_7.4.3\htdocs\React\reactapp3_ci\system\CodeIgniter.php(214): CodeIgniter\CodeIgniter->resolvePlatformExtensions()
#2 F:\Mizanur_Rahman_1277622\XAMPP_7.4.3\htdocs\React\reactapp3_ci\spark(88): CodeIgniter\CodeIgniter->initialize()
#3 {main}
in SYSTEMPATH\I18n\TimeTrait.php on line 74.
 1 [internal function]: CodeIgniter\Debug\Exceptions->shutdownHandler()
CRITICAL - 2023-11-30 07:11:47 --> The framework needs the following extension(s) installed and loaded: intl.
in SYSTEMPATH\CodeIgniter.php on line 252.
 1 SYSTEMPATH\CodeIgniter.php(252): CodeIgniter\Exceptions\FrameworkException::forMissingExtension('intl')
 2 SYSTEMPATH\CodeIgniter.php(214): CodeIgniter\CodeIgniter->resolvePlatformExtensions()
 3 ROOTPATH\spark(88): CodeIgniter\CodeIgniter->initialize()
CRITICAL - 2023-11-30 07:11:47 --> Uncaught Error: Class 'Locale' not found in F:\Mizanur_Rahman_1277622\XAMPP_7.4.3\htdocs\React\reactapp3_ci\system\I18n\TimeTrait.php:74
Stack trace:
#0 F:\Mizanur_Rahman_1277622\XAMPP_7.4.3\htdocs\React\reactapp3_ci\system\I18n\TimeTrait.php(115): CodeIgniter\I18n\Time->__construct(NULL, NULL, NULL)
#1 F:\Mizanur_Rahman_1277622\XAMPP_7.4.3\htdocs\React\reactapp3_ci\system\HTTP\ResponseTrait.php(468): CodeIgniter\I18n\Time::now()
#2 F:\Mizanur_Rahman_1277622\XAMPP_7.4.3\htdocs\React\reactapp3_ci\system\HTTP\ResponseTrait.php(446): CodeIgniter\HTTP\Response->sendHeaders()
#3 F:\Mizanur_Rahman_1277622\XAMPP_7.4.3\htdocs\React\reactapp3_ci\system\Debug\ExceptionHandler.php(81): CodeIgniter\HTTP\Response->send()
#4 F:\Mizanur_Rahman_1277622\XAMPP_7.4.3\htdocs\React\reactapp3_ci\system\Debug\Exceptions.php(149): CodeIgniter\Debug\ExceptionHandler->handle(Object(CodeIgniter\Exceptions\FrameworkException), Object(CodeIgniter\HTTP\IncomingRequest), Object(CodeIgniter\HTTP\Response), 500, 1)
#5 [internal function]: Co
【Previous Exception】
CodeIgniter\Exceptions\FrameworkException
The framework needs the following extension(s) installed and loaded: intl.
#0 F:\Mizanur_Rahman_1277622\XAMPP_7.4.3\htdocs\React\reactapp3_ci\system\CodeIgniter.php(252): CodeIgniter\Exceptions\FrameworkException::forMissingExtension('intl')
#1 F:\Mizanur_Rahman_1277622\XAMPP_7.4.3\htdocs\React\reactapp3_ci\system\CodeIgniter.php(214): CodeIgniter\CodeIgniter->resolvePlatformExtensions()
#2 F:\Mizanur_Rahman_1277622\XAMPP_7.4.3\htdocs\React\reactapp3_ci\spark(88): CodeIgniter\CodeIgniter->initialize()
#3 {main}
in SYSTEMPATH\I18n\TimeTrait.php on line 74.
 1 [internal function]: CodeIgniter\Debug\Exceptions->shutdownHandler()
CRITICAL - 2023-11-30 07:02:07 --> Invalid file: "service.php"
in SYSTEMPATH\Exceptions\FrameworkException.php on line 39.
 1 SYSTEMPATH\View\View.php(216): CodeIgniter\Exceptions\FrameworkException::forInvalidFile('service.php')
 2 SYSTEMPATH\Common.php(1190): CodeIgniter\View\View->render('service', [], true)
 3 APPPATH\Controllers\Services.php(11): view('service')
 4 SYSTEMPATH\CodeIgniter.php(942): App\Controllers\Services->index()
 5 SYSTEMPATH\CodeIgniter.php(502): CodeIgniter\CodeIgniter->runController(Object(App\Controllers\Services))
 6 SYSTEMPATH\CodeIgniter.php(361): CodeIgniter\CodeIgniter->handleRequest(null, Object(Config\Cache), false)
 7 FCPATH\index.php(79): CodeIgniter\CodeIgniter->run()
 8 SYSTEMPATH\Commands\Server\rewrite.php(47): require_once('F:\\Mizanur_Rahman_1277622\\XAMPP_7.4.3\\htdocs\\React\\reactapp3_ci\\public\\index.php')
