ERROR - 2023-12-03 03:32:01 --> Error connecting to the database: mysqli_sql_exception: No connection could be made because the target machine actively refused it.
 in F:\Mizanur_Rahman_1277622\XAMPP_7.4.3\htdocs\codeigniter\ci_project1\system\Database\MySQLi\Connection.php:185
Stack trace:
#0 F:\Mizanur_Rahman_1277622\XAMPP_7.4.3\htdocs\codeigniter\ci_project1\system\Database\MySQLi\Connection.php(185): mysqli->real_connect('localhost', 'root', '', 'ci_project1', 3306, '', 0)
#1 F:\Mizanur_Rahman_1277622\XAMPP_7.4.3\htdocs\codeigniter\ci_project1\system\Database\BaseConnection.php(392): CodeIgniter\Database\MySQLi\Connection->connect(false)
#2 F:\Mizanur_Rahman_1277622\XAMPP_7.4.3\htdocs\codeigniter\ci_project1\system\Database\BaseConnection.php(575): CodeIgniter\Database\BaseConnection->initialize()
#3 F:\Mizanur_Rahman_1277622\XAMPP_7.4.3\htdocs\codeigniter\ci_project1\system\Database\BaseBuilder.php(1615): CodeIgniter\Database\BaseConnection->query('SELECT *\nFROM `...', Array, false)
#4 F:\Mizanur_Rahman_1277622\XAMPP_7.4.3\htdocs\codeigniter\ci_project1\system\Model.php(237): CodeIgniter\Database\BaseBuilder->get()
#5 F:\Mizanur_Rahman_1277622\XAMPP_7.4.3\htdocs\codeigniter\ci_project1\system\BaseModel.php(624): CodeIgniter\Model->doFindAll(0, 0)
#6 F:\Mizanur_Rahman_1277622\XAMPP_7.4.3\htdocs\codeigniter\ci_project1\app\Controllers\ProductController.php(21): CodeIgniter\BaseModel->findAll()
#7 F:\Mizanur_Rahman_1277622\XAMPP_7.4.3\htdocs\codeigniter\ci_project1\system\CodeIgniter.php(942): App\Controllers\ProductController->index()
#8 F:\Mizanur_Rahman_1277622\XAMPP_7.4.3\htdocs\codeigniter\ci_project1\system\CodeIgniter.php(502): CodeIgniter\CodeIgniter->runController(Object(App\Controllers\ProductController))
#9 F:\Mizanur_Rahman_1277622\XAMPP_7.4.3\htdocs\codeigniter\ci_project1\system\CodeIgniter.php(361): CodeIgniter\CodeIgniter->handleRequest(NULL, Object(Config\Cache), false)
#10 F:\Mizanur_Rahman_1277622\XAMPP_7.4.3\htdocs\codeigniter\ci_project1\public\index.php(79): CodeIgniter\CodeIgniter->run()
#11 F:\Mizanur_Rahman_1277622\XAMPP_7.4.3\htdocs\codeigniter\ci_project1\system\Commands\Server\rewrite.php(47): require_once('F:\\Mizanur_Rahm...')
#12 {main}

Next CodeIgniter\Database\Exceptions\DatabaseException: No connection could be made because the target machine actively refused it.
 in F:\Mizanur_Rahman_1277622\XAMPP_7.4.3\htdocs\codeigniter\ci_project1\system\Database\MySQLi\Connection.php:229
Stack trace:
#0 F:\Mizanur_Rahman_1277622\XAMPP_7.4.3\htdocs\codeigniter\ci_project1\system\Database\BaseConnection.php(392): CodeIgniter\Database\MySQLi\Connection->connect(false)
#1 F:\Mizanur_Rahman_1277622\XAMPP_7.4.3\htdocs\codeigniter\ci_project1\system\Database\BaseConnection.php(575): CodeIgniter\Database\BaseConnection->initialize()
#2 F:\Mizanur_Rahman_1277622\XAMPP_7.4.3\htdocs\codeigniter\ci_project1\system\Database\BaseBuilder.php(1615): CodeIgniter\Database\BaseConnection->query('SELECT *\nFROM `...', Array, false)
#3 F:\Mizanur_Rahman_1277622\XAMPP_7.4.3\htdocs\codeigniter\ci_project1\system\Model.php(237): CodeIgniter\Database\BaseBuilder->get()
#4 F:\Mizanur_Rahman_1277622\XAMPP_7.4.3\htdocs\codeigniter\ci_project1\system\BaseModel.php(624): CodeIgniter\Model->doFindAll(0, 0)
#5 F:\Mizanur_Rahman_1277622\XAMPP_7.4.3\htdocs\codeigniter\ci_project1\app\Controllers\ProductController.php(21): CodeIgniter\BaseModel->findAll()
#6 F:\Mizanur_Rahman_1277622\XAMPP_7.4.3\htdocs\codeigniter\ci_project1\system\CodeIgniter.php(942): App\Controllers\ProductController->index()
#7 F:\Mizanur_Rahman_1277622\XAMPP_7.4.3\htdocs\codeigniter\ci_project1\system\CodeIgniter.php(502): CodeIgniter\CodeIgniter->runController(Object(App\Controllers\ProductController))
#8 F:\Mizanur_Rahman_1277622\XAMPP_7.4.3\htdocs\codeigniter\ci_project1\system\CodeIgniter.php(361): CodeIgniter\CodeIgniter->handleRequest(NULL, Object(Config\Cache), false)
#9 F:\Mizanur_Rahman_1277622\XAMPP_7.4.3\htdocs\codeigniter\ci_project1\public\index.php(79): CodeIgniter\CodeIgniter->run()
#10 F:\Mizanur_Rahman_1277622\XAMPP_7.4.3\htdocs\codeigniter\ci_project1\system\Commands\Server\rewrite.php(47): require_once('F:\\Mizanur_Rahm...')
#11 {main}
CRITICAL - 2023-12-03 03:32:01 --> Unable to connect to the database.
Main connection [MySQLi]: No connection could be made because the target machine actively refused it.

in SYSTEMPATH\Database\BaseConnection.php on line 428.
 1 SYSTEMPATH\Database\BaseConnection.php(575): CodeIgniter\Database\BaseConnection->initialize()
 2 SYSTEMPATH\Database\BaseBuilder.php(1615): CodeIgniter\Database\BaseConnection->query('SELECT *
FROM `products`', [], false)
 3 SYSTEMPATH\Model.php(237): CodeIgniter\Database\BaseBuilder->get()
 4 SYSTEMPATH\BaseModel.php(624): CodeIgniter\Model->doFindAll(0, 0)
 5 APPPATH\Controllers\ProductController.php(21): CodeIgniter\BaseModel->findAll()
 6 SYSTEMPATH\CodeIgniter.php(942): App\Controllers\ProductController->index()
 7 SYSTEMPATH\CodeIgniter.php(502): CodeIgniter\CodeIgniter->runController(Object(App\Controllers\ProductController))
 8 SYSTEMPATH\CodeIgniter.php(361): CodeIgniter\CodeIgniter->handleRequest(null, Object(Config\Cache), false)
 9 FCPATH\index.php(79): CodeIgniter\CodeIgniter->run()
10 SYSTEMPATH\Commands\Server\rewrite.php(47): require_once('F:\\Mizanur_Rahman_1277622\\XAMPP_7.4.3\\htdocs\\codeigniter\\ci_project1\\public\\index.php')
ERROR - 2023-12-03 03:32:22 --> Error connecting to the database: ErrorException: mysqli::real_connect(): Error while reading greeting packet. PID=2116 in F:\Mizanur_Rahman_1277622\XAMPP_7.4.3\htdocs\codeigniter\ci_project1\system\Database\MySQLi\Connection.php:185
Stack trace:
#0 [internal function]: CodeIgniter\Debug\Exceptions->errorHandler(2, 'mysqli::real_co...', 'F:\\Mizanur_Rahm...', 185, Array)
#1 F:\Mizanur_Rahman_1277622\XAMPP_7.4.3\htdocs\codeigniter\ci_project1\system\Database\MySQLi\Connection.php(185): mysqli->real_connect('localhost', 'root', '', 'ci_project1', 3306, '', 0)
#2 F:\Mizanur_Rahman_1277622\XAMPP_7.4.3\htdocs\codeigniter\ci_project1\system\Database\BaseConnection.php(392): CodeIgniter\Database\MySQLi\Connection->connect(false)
#3 F:\Mizanur_Rahman_1277622\XAMPP_7.4.3\htdocs\codeigniter\ci_project1\system\Database\BaseConnection.php(575): CodeIgniter\Database\BaseConnection->initialize()
#4 F:\Mizanur_Rahman_1277622\XAMPP_7.4.3\htdocs\codeigniter\ci_project1\system\Database\BaseBuilder.php(1615): CodeIgniter\Database\BaseConnection->query('SELECT *\nFROM `...', Array, false)
#5 F:\Mizanur_Rahman_1277622\XAMPP_7.4.3\htdocs\codeigniter\ci_project1\system\Model.php(237): CodeIgniter\Database\BaseBuilder->get()
#6 F:\Mizanur_Rahman_1277622\XAMPP_7.4.3\htdocs\codeigniter\ci_project1\system\BaseModel.php(624): CodeIgniter\Model->doFindAll(0, 0)
#7 F:\Mizanur_Rahman_1277622\XAMPP_7.4.3\htdocs\codeigniter\ci_project1\app\Controllers\ProductController.php(21): CodeIgniter\BaseModel->findAll()
#8 F:\Mizanur_Rahman_1277622\XAMPP_7.4.3\htdocs\codeigniter\ci_project1\system\CodeIgniter.php(942): App\Controllers\ProductController->index()
#9 F:\Mizanur_Rahman_1277622\XAMPP_7.4.3\htdocs\codeigniter\ci_project1\system\CodeIgniter.php(502): CodeIgniter\CodeIgniter->runController(Object(App\Controllers\ProductController))
#10 F:\Mizanur_Rahman_1277622\XAMPP_7.4.3\htdocs\codeigniter\ci_project1\system\CodeIgniter.php(361): CodeIgniter\CodeIgniter->handleRequest(NULL, Object(Config\Cache), false)
#11 F:\Mizanur_Rahman_1277622\XAMPP_7.4.3\htdocs\codeigniter\ci_project1\public\index.php(79): CodeIgniter\CodeIgniter->run()
#12 F:\Mizanur_Rahman_1277622\XAMPP_7.4.3\htdocs\codeigniter\ci_project1\system\Commands\Server\rewrite.php(47): require_once('F:\\Mizanur_Rahm...')
#13 {main}

Next mysqli_sql_exception: MySQL server has gone away in F:\Mizanur_Rahman_1277622\XAMPP_7.4.3\htdocs\codeigniter\ci_project1\system\Database\MySQLi\Connection.php:185
Stack trace:
#0 F:\Mizanur_Rahman_1277622\XAMPP_7.4.3\htdocs\codeigniter\ci_project1\system\Database\MySQLi\Connection.php(185): mysqli->real_connect('localhost', 'root', '', 'ci_project1', 3306, '', 0)
#1 F:\Mizanur_Rahman_1277622\XAMPP_7.4.3\htdocs\codeigniter\ci_project1\system\Database\BaseConnection.php(392): CodeIgniter\Database\MySQLi\Connection->connect(false)
#2 F:\Mizanur_Rahman_1277622\XAMPP_7.4.3\htdocs\codeigniter\ci_project1\system\Database\BaseConnection.php(575): CodeIgniter\Database\BaseConnection->initialize()
#3 F:\Mizanur_Rahman_1277622\XAMPP_7.4.3\htdocs\codeigniter\ci_project1\system\Database\BaseBuilder.php(1615): CodeIgniter\Database\BaseConnection->query('SELECT *\nFROM `...', Array, false)
#4 F:\Mizanur_Rahman_1277622\XAMPP_7.4.3\htdocs\codeigniter\ci_project1\system\Model.php(237): CodeIgniter\Database\BaseBuilder->get()
#5 F:\Mizanur_Rahman_1277622\XAMPP_7.4.3\htdocs\codeigniter\ci_project1\system\BaseModel.php(624): CodeIgniter\Model->doFindAll(0, 0)
#6 F:\Mizanur_Rahman_1277622\XAMPP_7.4.3\htdocs\codeigniter\ci_project1\app\Controllers\ProductController.php(21): CodeIgniter\BaseModel->findAll()
#7 F:\Mizanur_Rahman_1277622\XAMPP_7.4.3\htdocs\codeigniter\ci_project1\system\CodeIgniter.php(942): App\Controllers\ProductController->index()
#8 F:\Mizanur_Rahman_1277622\XAMPP_7.4.3\htdocs\codeigniter\ci_project1\system\CodeIgniter.php(502): CodeIgniter\CodeIgniter->runController(Object(App\Controllers\ProductController))
#9 F:\Mizanur_Rahman_1277622\XAMPP_7.4.3\htdocs\codeigniter\ci_project1\system\CodeIgniter.php(361): CodeIgniter\CodeIgniter->handleRequest(NULL, Object(Config\Cache), false)
#10 F:\Mizanur_Rahman_1277622\XAMPP_7.4.3\htdocs\codeigniter\ci_project1\public\index.php(79): CodeIgniter\CodeIgniter->run()
#11 F:\Mizanur_Rahman_1277622\XAMPP_7.4.3\htdocs\codeigniter\ci_project1\system\Commands\Server\rewrite.php(47): require_once('F:\\Mizanur_Rahm...')
#12 {main}

Next CodeIgniter\Database\Exceptions\DatabaseException: MySQL server has gone away in F:\Mizanur_Rahman_1277622\XAMPP_7.4.3\htdocs\codeigniter\ci_project1\system\Database\MySQLi\Connection.php:229
Stack trace:
#0 F:\Mizanur_Rahman_1277622\XAMPP_7.4.3\htdocs\codeigniter\ci_project1\system\Database\BaseConnection.php(392): CodeIgniter\Database\MySQLi\Connection->connect(false)
#1 F:\Mizanur_Rahman_1277622\XAMPP_7.4.3\htdocs\codeigniter\ci_project1\system\Database\BaseConnection.php(575): CodeIgniter\Database\BaseConnection->initialize()
#2 F:\Mizanur_Rahman_1277622\XAMPP_7.4.3\htdocs\codeigniter\ci_project1\system\Database\BaseBuilder.php(1615): CodeIgniter\Database\BaseConnection->query('SELECT *\nFROM `...', Array, false)
#3 F:\Mizanur_Rahman_1277622\XAMPP_7.4.3\htdocs\codeigniter\ci_project1\system\Model.php(237): CodeIgniter\Database\BaseBuilder->get()
#4 F:\Mizanur_Rahman_1277622\XAMPP_7.4.3\htdocs\codeigniter\ci_project1\system\BaseModel.php(624): CodeIgniter\Model->doFindAll(0, 0)
#5 F:\Mizanur_Rahman_1277622\XAMPP_7.4.3\htdocs\codeigniter\ci_project1\app\Controllers\ProductController.php(21): CodeIgniter\BaseModel->findAll()
#6 F:\Mizanur_Rahman_1277622\XAMPP_7.4.3\htdocs\codeigniter\ci_project1\system\CodeIgniter.php(942): App\Controllers\ProductController->index()
#7 F:\Mizanur_Rahman_1277622\XAMPP_7.4.3\htdocs\codeigniter\ci_project1\system\CodeIgniter.php(502): CodeIgniter\CodeIgniter->runController(Object(App\Controllers\ProductController))
#8 F:\Mizanur_Rahman_1277622\XAMPP_7.4.3\htdocs\codeigniter\ci_project1\system\CodeIgniter.php(361): CodeIgniter\CodeIgniter->handleRequest(NULL, Object(Config\Cache), false)
#9 F:\Mizanur_Rahman_1277622\XAMPP_7.4.3\htdocs\codeigniter\ci_project1\public\index.php(79): CodeIgniter\CodeIgniter->run()
#10 F:\Mizanur_Rahman_1277622\XAMPP_7.4.3\htdocs\codeigniter\ci_project1\system\Commands\Server\rewrite.php(47): require_once('F:\\Mizanur_Rahm...')
#11 {main}
CRITICAL - 2023-12-03 03:32:22 --> Unable to connect to the database.
Main connection [MySQLi]: MySQL server has gone away
in SYSTEMPATH\Database\BaseConnection.php on line 428.
 1 SYSTEMPATH\Database\BaseConnection.php(575): CodeIgniter\Database\BaseConnection->initialize()
 2 SYSTEMPATH\Database\BaseBuilder.php(1615): CodeIgniter\Database\BaseConnection->query('SELECT *
FROM `products`', [], false)
 3 SYSTEMPATH\Model.php(237): CodeIgniter\Database\BaseBuilder->get()
 4 SYSTEMPATH\BaseModel.php(624): CodeIgniter\Model->doFindAll(0, 0)
 5 APPPATH\Controllers\ProductController.php(21): CodeIgniter\BaseModel->findAll()
 6 SYSTEMPATH\CodeIgniter.php(942): App\Controllers\ProductController->index()
 7 SYSTEMPATH\CodeIgniter.php(502): CodeIgniter\CodeIgniter->runController(Object(App\Controllers\ProductController))
 8 SYSTEMPATH\CodeIgniter.php(361): CodeIgniter\CodeIgniter->handleRequest(null, Object(Config\Cache), false)
 9 FCPATH\index.php(79): CodeIgniter\CodeIgniter->run()
10 SYSTEMPATH\Commands\Server\rewrite.php(47): require_once('F:\\Mizanur_Rahman_1277622\\XAMPP_7.4.3\\htdocs\\codeigniter\\ci_project1\\public\\index.php')
ERROR - 2023-12-03 03:32:30 --> Error connecting to the database: mysqli_sql_exception: No connection could be made because the target machine actively refused it.
 in F:\Mizanur_Rahman_1277622\XAMPP_7.4.3\htdocs\codeigniter\ci_project1\system\Database\MySQLi\Connection.php:185
Stack trace:
#0 F:\Mizanur_Rahman_1277622\XAMPP_7.4.3\htdocs\codeigniter\ci_project1\system\Database\MySQLi\Connection.php(185): mysqli->real_connect('localhost', 'root', '', 'ci_project1', 3306, '', 0)
#1 F:\Mizanur_Rahman_1277622\XAMPP_7.4.3\htdocs\codeigniter\ci_project1\system\Database\BaseConnection.php(392): CodeIgniter\Database\MySQLi\Connection->connect(false)
#2 F:\Mizanur_Rahman_1277622\XAMPP_7.4.3\htdocs\codeigniter\ci_project1\system\Database\BaseConnection.php(575): CodeIgniter\Database\BaseConnection->initialize()
#3 F:\Mizanur_Rahman_1277622\XAMPP_7.4.3\htdocs\codeigniter\ci_project1\system\Database\BaseBuilder.php(1615): CodeIgniter\Database\BaseConnection->query('SELECT *\nFROM `...', Array, false)
#4 F:\Mizanur_Rahman_1277622\XAMPP_7.4.3\htdocs\codeigniter\ci_project1\system\Model.php(237): CodeIgniter\Database\BaseBuilder->get()
#5 F:\Mizanur_Rahman_1277622\XAMPP_7.4.3\htdocs\codeigniter\ci_project1\system\BaseModel.php(624): CodeIgniter\Model->doFindAll(0, 0)
#6 F:\Mizanur_Rahman_1277622\XAMPP_7.4.3\htdocs\codeigniter\ci_project1\app\Controllers\ProductController.php(21): CodeIgniter\BaseModel->findAll()
#7 F:\Mizanur_Rahman_1277622\XAMPP_7.4.3\htdocs\codeigniter\ci_project1\system\CodeIgniter.php(942): App\Controllers\ProductController->index()
#8 F:\Mizanur_Rahman_1277622\XAMPP_7.4.3\htdocs\codeigniter\ci_project1\system\CodeIgniter.php(502): CodeIgniter\CodeIgniter->runController(Object(App\Controllers\ProductController))
#9 F:\Mizanur_Rahman_1277622\XAMPP_7.4.3\htdocs\codeigniter\ci_project1\system\CodeIgniter.php(361): CodeIgniter\CodeIgniter->handleRequest(NULL, Object(Config\Cache), false)
#10 F:\Mizanur_Rahman_1277622\XAMPP_7.4.3\htdocs\codeigniter\ci_project1\public\index.php(79): CodeIgniter\CodeIgniter->run()
#11 F:\Mizanur_Rahman_1277622\XAMPP_7.4.3\htdocs\codeigniter\ci_project1\system\Commands\Server\rewrite.php(47): require_once('F:\\Mizanur_Rahm...')
#12 {main}

Next CodeIgniter\Database\Exceptions\DatabaseException: No connection could be made because the target machine actively refused it.
 in F:\Mizanur_Rahman_1277622\XAMPP_7.4.3\htdocs\codeigniter\ci_project1\system\Database\MySQLi\Connection.php:229
Stack trace:
#0 F:\Mizanur_Rahman_1277622\XAMPP_7.4.3\htdocs\codeigniter\ci_project1\system\Database\BaseConnection.php(392): CodeIgniter\Database\MySQLi\Connection->connect(false)
#1 F:\Mizanur_Rahman_1277622\XAMPP_7.4.3\htdocs\codeigniter\ci_project1\system\Database\BaseConnection.php(575): CodeIgniter\Database\BaseConnection->initialize()
#2 F:\Mizanur_Rahman_1277622\XAMPP_7.4.3\htdocs\codeigniter\ci_project1\system\Database\BaseBuilder.php(1615): CodeIgniter\Database\BaseConnection->query('SELECT *\nFROM `...', Array, false)
#3 F:\Mizanur_Rahman_1277622\XAMPP_7.4.3\htdocs\codeigniter\ci_project1\system\Model.php(237): CodeIgniter\Database\BaseBuilder->get()
#4 F:\Mizanur_Rahman_1277622\XAMPP_7.4.3\htdocs\codeigniter\ci_project1\system\BaseModel.php(624): CodeIgniter\Model->doFindAll(0, 0)
#5 F:\Mizanur_Rahman_1277622\XAMPP_7.4.3\htdocs\codeigniter\ci_project1\app\Controllers\ProductController.php(21): CodeIgniter\BaseModel->findAll()
#6 F:\Mizanur_Rahman_1277622\XAMPP_7.4.3\htdocs\codeigniter\ci_project1\system\CodeIgniter.php(942): App\Controllers\ProductController->index()
#7 F:\Mizanur_Rahman_1277622\XAMPP_7.4.3\htdocs\codeigniter\ci_project1\system\CodeIgniter.php(502): CodeIgniter\CodeIgniter->runController(Object(App\Controllers\ProductController))
#8 F:\Mizanur_Rahman_1277622\XAMPP_7.4.3\htdocs\codeigniter\ci_project1\system\CodeIgniter.php(361): CodeIgniter\CodeIgniter->handleRequest(NULL, Object(Config\Cache), false)
#9 F:\Mizanur_Rahman_1277622\XAMPP_7.4.3\htdocs\codeigniter\ci_project1\public\index.php(79): CodeIgniter\CodeIgniter->run()
#10 F:\Mizanur_Rahman_1277622\XAMPP_7.4.3\htdocs\codeigniter\ci_project1\system\Commands\Server\rewrite.php(47): require_once('F:\\Mizanur_Rahm...')
#11 {main}
CRITICAL - 2023-12-03 03:32:30 --> Unable to connect to the database.
Main connection [MySQLi]: No connection could be made because the target machine actively refused it.

in SYSTEMPATH\Database\BaseConnection.php on line 428.
 1 SYSTEMPATH\Database\BaseConnection.php(575): CodeIgniter\Database\BaseConnection->initialize()
 2 SYSTEMPATH\Database\BaseBuilder.php(1615): CodeIgniter\Database\BaseConnection->query('SELECT *
FROM `products`', [], false)
 3 SYSTEMPATH\Model.php(237): CodeIgniter\Database\BaseBuilder->get()
 4 SYSTEMPATH\BaseModel.php(624): CodeIgniter\Model->doFindAll(0, 0)
 5 APPPATH\Controllers\ProductController.php(21): CodeIgniter\BaseModel->findAll()
 6 SYSTEMPATH\CodeIgniter.php(942): App\Controllers\ProductController->index()
 7 SYSTEMPATH\CodeIgniter.php(502): CodeIgniter\CodeIgniter->runController(Object(App\Controllers\ProductController))
 8 SYSTEMPATH\CodeIgniter.php(361): CodeIgniter\CodeIgniter->handleRequest(null, Object(Config\Cache), false)
 9 FCPATH\index.php(79): CodeIgniter\CodeIgniter->run()
10 SYSTEMPATH\Commands\Server\rewrite.php(47): require_once('F:\\Mizanur_Rahman_1277622\\XAMPP_7.4.3\\htdocs\\codeigniter\\ci_project1\\public\\index.php')
ERROR - 2023-12-03 03:32:41 --> Error connecting to the database: mysqli_sql_exception: No connection could be made because the target machine actively refused it.
 in F:\Mizanur_Rahman_1277622\XAMPP_7.4.3\htdocs\codeigniter\ci_project1\system\Database\MySQLi\Connection.php:185
Stack trace:
#0 F:\Mizanur_Rahman_1277622\XAMPP_7.4.3\htdocs\codeigniter\ci_project1\system\Database\MySQLi\Connection.php(185): mysqli->real_connect('localhost', 'root', '', 'ci_project1', 3306, '', 0)
#1 F:\Mizanur_Rahman_1277622\XAMPP_7.4.3\htdocs\codeigniter\ci_project1\system\Database\BaseConnection.php(392): CodeIgniter\Database\MySQLi\Connection->connect(false)
#2 F:\Mizanur_Rahman_1277622\XAMPP_7.4.3\htdocs\codeigniter\ci_project1\system\Database\BaseConnection.php(575): CodeIgniter\Database\BaseConnection->initialize()
#3 F:\Mizanur_Rahman_1277622\XAMPP_7.4.3\htdocs\codeigniter\ci_project1\system\Database\BaseBuilder.php(1615): CodeIgniter\Database\BaseConnection->query('SELECT *\nFROM `...', Array, false)
#4 F:\Mizanur_Rahman_1277622\XAMPP_7.4.3\htdocs\codeigniter\ci_project1\system\Model.php(237): CodeIgniter\Database\BaseBuilder->get()
#5 F:\Mizanur_Rahman_1277622\XAMPP_7.4.3\htdocs\codeigniter\ci_project1\system\BaseModel.php(624): CodeIgniter\Model->doFindAll(0, 0)
#6 F:\Mizanur_Rahman_1277622\XAMPP_7.4.3\htdocs\codeigniter\ci_project1\app\Controllers\ProductController.php(21): CodeIgniter\BaseModel->findAll()
#7 F:\Mizanur_Rahman_1277622\XAMPP_7.4.3\htdocs\codeigniter\ci_project1\system\CodeIgniter.php(942): App\Controllers\ProductController->index()
#8 F:\Mizanur_Rahman_1277622\XAMPP_7.4.3\htdocs\codeigniter\ci_project1\system\CodeIgniter.php(502): CodeIgniter\CodeIgniter->runController(Object(App\Controllers\ProductController))
#9 F:\Mizanur_Rahman_1277622\XAMPP_7.4.3\htdocs\codeigniter\ci_project1\system\CodeIgniter.php(361): CodeIgniter\CodeIgniter->handleRequest(NULL, Object(Config\Cache), false)
#10 F:\Mizanur_Rahman_1277622\XAMPP_7.4.3\htdocs\codeigniter\ci_project1\public\index.php(79): CodeIgniter\CodeIgniter->run()
#11 F:\Mizanur_Rahman_1277622\XAMPP_7.4.3\htdocs\codeigniter\ci_project1\system\Commands\Server\rewrite.php(47): require_once('F:\\Mizanur_Rahm...')
#12 {main}

Next CodeIgniter\Database\Exceptions\DatabaseException: No connection could be made because the target machine actively refused it.
 in F:\Mizanur_Rahman_1277622\XAMPP_7.4.3\htdocs\codeigniter\ci_project1\system\Database\MySQLi\Connection.php:229
Stack trace:
#0 F:\Mizanur_Rahman_1277622\XAMPP_7.4.3\htdocs\codeigniter\ci_project1\system\Database\BaseConnection.php(392): CodeIgniter\Database\MySQLi\Connection->connect(false)
#1 F:\Mizanur_Rahman_1277622\XAMPP_7.4.3\htdocs\codeigniter\ci_project1\system\Database\BaseConnection.php(575): CodeIgniter\Database\BaseConnection->initialize()
#2 F:\Mizanur_Rahman_1277622\XAMPP_7.4.3\htdocs\codeigniter\ci_project1\system\Database\BaseBuilder.php(1615): CodeIgniter\Database\BaseConnection->query('SELECT *\nFROM `...', Array, false)
#3 F:\Mizanur_Rahman_1277622\XAMPP_7.4.3\htdocs\codeigniter\ci_project1\system\Model.php(237): CodeIgniter\Database\BaseBuilder->get()
#4 F:\Mizanur_Rahman_1277622\XAMPP_7.4.3\htdocs\codeigniter\ci_project1\system\BaseModel.php(624): CodeIgniter\Model->doFindAll(0, 0)
#5 F:\Mizanur_Rahman_1277622\XAMPP_7.4.3\htdocs\codeigniter\ci_project1\app\Controllers\ProductController.php(21): CodeIgniter\BaseModel->findAll()
#6 F:\Mizanur_Rahman_1277622\XAMPP_7.4.3\htdocs\codeigniter\ci_project1\system\CodeIgniter.php(942): App\Controllers\ProductController->index()
#7 F:\Mizanur_Rahman_1277622\XAMPP_7.4.3\htdocs\codeigniter\ci_project1\system\CodeIgniter.php(502): CodeIgniter\CodeIgniter->runController(Object(App\Controllers\ProductController))
#8 F:\Mizanur_Rahman_1277622\XAMPP_7.4.3\htdocs\codeigniter\ci_project1\system\CodeIgniter.php(361): CodeIgniter\CodeIgniter->handleRequest(NULL, Object(Config\Cache), false)
#9 F:\Mizanur_Rahman_1277622\XAMPP_7.4.3\htdocs\codeigniter\ci_project1\public\index.php(79): CodeIgniter\CodeIgniter->run()
#10 F:\Mizanur_Rahman_1277622\XAMPP_7.4.3\htdocs\codeigniter\ci_project1\system\Commands\Server\rewrite.php(47): require_once('F:\\Mizanur_Rahm...')
#11 {main}
CRITICAL - 2023-12-03 03:32:41 --> Unable to connect to the database.
Main connection [MySQLi]: No connection could be made because the target machine actively refused it.

in SYSTEMPATH\Database\BaseConnection.php on line 428.
 1 SYSTEMPATH\Database\BaseConnection.php(575): CodeIgniter\Database\BaseConnection->initialize()
 2 SYSTEMPATH\Database\BaseBuilder.php(1615): CodeIgniter\Database\BaseConnection->query('SELECT *
FROM `products`', [], false)
 3 SYSTEMPATH\Model.php(237): CodeIgniter\Database\BaseBuilder->get()
 4 SYSTEMPATH\BaseModel.php(624): CodeIgniter\Model->doFindAll(0, 0)
 5 APPPATH\Controllers\ProductController.php(21): CodeIgniter\BaseModel->findAll()
 6 SYSTEMPATH\CodeIgniter.php(942): App\Controllers\ProductController->index()
 7 SYSTEMPATH\CodeIgniter.php(502): CodeIgniter\CodeIgniter->runController(Object(App\Controllers\ProductController))
 8 SYSTEMPATH\CodeIgniter.php(361): CodeIgniter\CodeIgniter->handleRequest(null, Object(Config\Cache), false)
 9 FCPATH\index.php(79): CodeIgniter\CodeIgniter->run()
10 SYSTEMPATH\Commands\Server\rewrite.php(47): require_once('F:\\Mizanur_Rahman_1277622\\XAMPP_7.4.3\\htdocs\\codeigniter\\ci_project1\\public\\index.php')
ERROR - 2023-12-03 03:33:03 --> Error connecting to the database: mysqli_sql_exception: No connection could be made because the target machine actively refused it.
 in F:\Mizanur_Rahman_1277622\XAMPP_7.4.3\htdocs\codeigniter\ci_project1\system\Database\MySQLi\Connection.php:185
Stack trace:
#0 F:\Mizanur_Rahman_1277622\XAMPP_7.4.3\htdocs\codeigniter\ci_project1\system\Database\MySQLi\Connection.php(185): mysqli->real_connect('localhost', 'root', '', 'ci_project1', 3306, '', 0)
#1 F:\Mizanur_Rahman_1277622\XAMPP_7.4.3\htdocs\codeigniter\ci_project1\system\Database\BaseConnection.php(392): CodeIgniter\Database\MySQLi\Connection->connect(false)
#2 F:\Mizanur_Rahman_1277622\XAMPP_7.4.3\htdocs\codeigniter\ci_project1\system\Database\BaseConnection.php(575): CodeIgniter\Database\BaseConnection->initialize()
#3 F:\Mizanur_Rahman_1277622\XAMPP_7.4.3\htdocs\codeigniter\ci_project1\system\Database\BaseBuilder.php(1615): CodeIgniter\Database\BaseConnection->query('SELECT *\nFROM `...', Array, false)
#4 F:\Mizanur_Rahman_1277622\XAMPP_7.4.3\htdocs\codeigniter\ci_project1\system\Model.php(237): CodeIgniter\Database\BaseBuilder->get()
#5 F:\Mizanur_Rahman_1277622\XAMPP_7.4.3\htdocs\codeigniter\ci_project1\system\BaseModel.php(624): CodeIgniter\Model->doFindAll(0, 0)
#6 F:\Mizanur_Rahman_1277622\XAMPP_7.4.3\htdocs\codeigniter\ci_project1\app\Controllers\ProductController.php(21): CodeIgniter\BaseModel->findAll()
#7 F:\Mizanur_Rahman_1277622\XAMPP_7.4.3\htdocs\codeigniter\ci_project1\system\CodeIgniter.php(942): App\Controllers\ProductController->index()
#8 F:\Mizanur_Rahman_1277622\XAMPP_7.4.3\htdocs\codeigniter\ci_project1\system\CodeIgniter.php(502): CodeIgniter\CodeIgniter->runController(Object(App\Controllers\ProductController))
#9 F:\Mizanur_Rahman_1277622\XAMPP_7.4.3\htdocs\codeigniter\ci_project1\system\CodeIgniter.php(361): CodeIgniter\CodeIgniter->handleRequest(NULL, Object(Config\Cache), false)
#10 F:\Mizanur_Rahman_1277622\XAMPP_7.4.3\htdocs\codeigniter\ci_project1\public\index.php(79): CodeIgniter\CodeIgniter->run()
#11 F:\Mizanur_Rahman_1277622\XAMPP_7.4.3\htdocs\codeigniter\ci_project1\system\Commands\Server\rewrite.php(47): require_once('F:\\Mizanur_Rahm...')
#12 {main}

Next CodeIgniter\Database\Exceptions\DatabaseException: No connection could be made because the target machine actively refused it.
 in F:\Mizanur_Rahman_1277622\XAMPP_7.4.3\htdocs\codeigniter\ci_project1\system\Database\MySQLi\Connection.php:229
Stack trace:
#0 F:\Mizanur_Rahman_1277622\XAMPP_7.4.3\htdocs\codeigniter\ci_project1\system\Database\BaseConnection.php(392): CodeIgniter\Database\MySQLi\Connection->connect(false)
#1 F:\Mizanur_Rahman_1277622\XAMPP_7.4.3\htdocs\codeigniter\ci_project1\system\Database\BaseConnection.php(575): CodeIgniter\Database\BaseConnection->initialize()
#2 F:\Mizanur_Rahman_1277622\XAMPP_7.4.3\htdocs\codeigniter\ci_project1\system\Database\BaseBuilder.php(1615): CodeIgniter\Database\BaseConnection->query('SELECT *\nFROM `...', Array, false)
#3 F:\Mizanur_Rahman_1277622\XAMPP_7.4.3\htdocs\codeigniter\ci_project1\system\Model.php(237): CodeIgniter\Database\BaseBuilder->get()
#4 F:\Mizanur_Rahman_1277622\XAMPP_7.4.3\htdocs\codeigniter\ci_project1\system\BaseModel.php(624): CodeIgniter\Model->doFindAll(0, 0)
#5 F:\Mizanur_Rahman_1277622\XAMPP_7.4.3\htdocs\codeigniter\ci_project1\app\Controllers\ProductController.php(21): CodeIgniter\BaseModel->findAll()
#6 F:\Mizanur_Rahman_1277622\XAMPP_7.4.3\htdocs\codeigniter\ci_project1\system\CodeIgniter.php(942): App\Controllers\ProductController->index()
#7 F:\Mizanur_Rahman_1277622\XAMPP_7.4.3\htdocs\codeigniter\ci_project1\system\CodeIgniter.php(502): CodeIgniter\CodeIgniter->runController(Object(App\Controllers\ProductController))
#8 F:\Mizanur_Rahman_1277622\XAMPP_7.4.3\htdocs\codeigniter\ci_project1\system\CodeIgniter.php(361): CodeIgniter\CodeIgniter->handleRequest(NULL, Object(Config\Cache), false)
#9 F:\Mizanur_Rahman_1277622\XAMPP_7.4.3\htdocs\codeigniter\ci_project1\public\index.php(79): CodeIgniter\CodeIgniter->run()
#10 F:\Mizanur_Rahman_1277622\XAMPP_7.4.3\htdocs\codeigniter\ci_project1\system\Commands\Server\rewrite.php(47): require_once('F:\\Mizanur_Rahm...')
#11 {main}
CRITICAL - 2023-12-03 03:33:03 --> Unable to connect to the database.
Main connection [MySQLi]: No connection could be made because the target machine actively refused it.

in SYSTEMPATH\Database\BaseConnection.php on line 428.
 1 SYSTEMPATH\Database\BaseConnection.php(575): CodeIgniter\Database\BaseConnection->initialize()
 2 SYSTEMPATH\Database\BaseBuilder.php(1615): CodeIgniter\Database\BaseConnection->query('SELECT *
FROM `products`', [], false)
 3 SYSTEMPATH\Model.php(237): CodeIgniter\Database\BaseBuilder->get()
 4 SYSTEMPATH\BaseModel.php(624): CodeIgniter\Model->doFindAll(0, 0)
 5 APPPATH\Controllers\ProductController.php(21): CodeIgniter\BaseModel->findAll()
 6 SYSTEMPATH\CodeIgniter.php(942): App\Controllers\ProductController->index()
 7 SYSTEMPATH\CodeIgniter.php(502): CodeIgniter\CodeIgniter->runController(Object(App\Controllers\ProductController))
 8 SYSTEMPATH\CodeIgniter.php(361): CodeIgniter\CodeIgniter->handleRequest(null, Object(Config\Cache), false)
 9 FCPATH\index.php(79): CodeIgniter\CodeIgniter->run()
10 SYSTEMPATH\Commands\Server\rewrite.php(47): require_once('F:\\Mizanur_Rahman_1277622\\XAMPP_7.4.3\\htdocs\\codeigniter\\ci_project1\\public\\index.php')
ERROR - 2023-12-03 03:33:42 --> Error connecting to the database: mysqli_sql_exception: No connection could be made because the target machine actively refused it.
 in F:\Mizanur_Rahman_1277622\XAMPP_7.4.3\htdocs\codeigniter\ci_project1\system\Database\MySQLi\Connection.php:185
Stack trace:
#0 F:\Mizanur_Rahman_1277622\XAMPP_7.4.3\htdocs\codeigniter\ci_project1\system\Database\MySQLi\Connection.php(185): mysqli->real_connect('localhost', 'root', '', 'ci_project1', 3306, '', 0)
#1 F:\Mizanur_Rahman_1277622\XAMPP_7.4.3\htdocs\codeigniter\ci_project1\system\Database\BaseConnection.php(392): CodeIgniter\Database\MySQLi\Connection->connect(false)
#2 F:\Mizanur_Rahman_1277622\XAMPP_7.4.3\htdocs\codeigniter\ci_project1\system\Database\BaseConnection.php(575): CodeIgniter\Database\BaseConnection->initialize()
#3 F:\Mizanur_Rahman_1277622\XAMPP_7.4.3\htdocs\codeigniter\ci_project1\system\Database\BaseBuilder.php(1615): CodeIgniter\Database\BaseConnection->query('SELECT *\nFROM `...', Array, false)
#4 F:\Mizanur_Rahman_1277622\XAMPP_7.4.3\htdocs\codeigniter\ci_project1\system\Model.php(237): CodeIgniter\Database\BaseBuilder->get()
#5 F:\Mizanur_Rahman_1277622\XAMPP_7.4.3\htdocs\codeigniter\ci_project1\system\BaseModel.php(624): CodeIgniter\Model->doFindAll(0, 0)
#6 F:\Mizanur_Rahman_1277622\XAMPP_7.4.3\htdocs\codeigniter\ci_project1\app\Controllers\ProductController.php(21): CodeIgniter\BaseModel->findAll()
#7 F:\Mizanur_Rahman_1277622\XAMPP_7.4.3\htdocs\codeigniter\ci_project1\system\CodeIgniter.php(942): App\Controllers\ProductController->index()
#8 F:\Mizanur_Rahman_1277622\XAMPP_7.4.3\htdocs\codeigniter\ci_project1\system\CodeIgniter.php(502): CodeIgniter\CodeIgniter->runController(Object(App\Controllers\ProductController))
#9 F:\Mizanur_Rahman_1277622\XAMPP_7.4.3\htdocs\codeigniter\ci_project1\system\CodeIgniter.php(361): CodeIgniter\CodeIgniter->handleRequest(NULL, Object(Config\Cache), false)
#10 F:\Mizanur_Rahman_1277622\XAMPP_7.4.3\htdocs\codeigniter\ci_project1\public\index.php(79): CodeIgniter\CodeIgniter->run()
#11 F:\Mizanur_Rahman_1277622\XAMPP_7.4.3\htdocs\codeigniter\ci_project1\system\Commands\Server\rewrite.php(47): require_once('F:\\Mizanur_Rahm...')
#12 {main}

Next CodeIgniter\Database\Exceptions\DatabaseException: No connection could be made because the target machine actively refused it.
 in F:\Mizanur_Rahman_1277622\XAMPP_7.4.3\htdocs\codeigniter\ci_project1\system\Database\MySQLi\Connection.php:229
Stack trace:
#0 F:\Mizanur_Rahman_1277622\XAMPP_7.4.3\htdocs\codeigniter\ci_project1\system\Database\BaseConnection.php(392): CodeIgniter\Database\MySQLi\Connection->connect(false)
#1 F:\Mizanur_Rahman_1277622\XAMPP_7.4.3\htdocs\codeigniter\ci_project1\system\Database\BaseConnection.php(575): CodeIgniter\Database\BaseConnection->initialize()
#2 F:\Mizanur_Rahman_1277622\XAMPP_7.4.3\htdocs\codeigniter\ci_project1\system\Database\BaseBuilder.php(1615): CodeIgniter\Database\BaseConnection->query('SELECT *\nFROM `...', Array, false)
#3 F:\Mizanur_Rahman_1277622\XAMPP_7.4.3\htdocs\codeigniter\ci_project1\system\Model.php(237): CodeIgniter\Database\BaseBuilder->get()
#4 F:\Mizanur_Rahman_1277622\XAMPP_7.4.3\htdocs\codeigniter\ci_project1\system\BaseModel.php(624): CodeIgniter\Model->doFindAll(0, 0)
#5 F:\Mizanur_Rahman_1277622\XAMPP_7.4.3\htdocs\codeigniter\ci_project1\app\Controllers\ProductController.php(21): CodeIgniter\BaseModel->findAll()
#6 F:\Mizanur_Rahman_1277622\XAMPP_7.4.3\htdocs\codeigniter\ci_project1\system\CodeIgniter.php(942): App\Controllers\ProductController->index()
#7 F:\Mizanur_Rahman_1277622\XAMPP_7.4.3\htdocs\codeigniter\ci_project1\system\CodeIgniter.php(502): CodeIgniter\CodeIgniter->runController(Object(App\Controllers\ProductController))
#8 F:\Mizanur_Rahman_1277622\XAMPP_7.4.3\htdocs\codeigniter\ci_project1\system\CodeIgniter.php(361): CodeIgniter\CodeIgniter->handleRequest(NULL, Object(Config\Cache), false)
#9 F:\Mizanur_Rahman_1277622\XAMPP_7.4.3\htdocs\codeigniter\ci_project1\public\index.php(79): CodeIgniter\CodeIgniter->run()
#10 F:\Mizanur_Rahman_1277622\XAMPP_7.4.3\htdocs\codeigniter\ci_project1\system\Commands\Server\rewrite.php(47): require_once('F:\\Mizanur_Rahm...')
#11 {main}
CRITICAL - 2023-12-03 03:33:42 --> Unable to connect to the database.
Main connection [MySQLi]: No connection could be made because the target machine actively refused it.

in SYSTEMPATH\Database\BaseConnection.php on line 428.
 1 SYSTEMPATH\Database\BaseConnection.php(575): CodeIgniter\Database\BaseConnection->initialize()
 2 SYSTEMPATH\Database\BaseBuilder.php(1615): CodeIgniter\Database\BaseConnection->query('SELECT *
FROM `products`', [], false)
 3 SYSTEMPATH\Model.php(237): CodeIgniter\Database\BaseBuilder->get()
 4 SYSTEMPATH\BaseModel.php(624): CodeIgniter\Model->doFindAll(0, 0)
 5 APPPATH\Controllers\ProductController.php(21): CodeIgniter\BaseModel->findAll()
 6 SYSTEMPATH\CodeIgniter.php(942): App\Controllers\ProductController->index()
 7 SYSTEMPATH\CodeIgniter.php(502): CodeIgniter\CodeIgniter->runController(Object(App\Controllers\ProductController))
 8 SYSTEMPATH\CodeIgniter.php(361): CodeIgniter\CodeIgniter->handleRequest(null, Object(Config\Cache), false)
 9 FCPATH\index.php(79): CodeIgniter\CodeIgniter->run()
10 SYSTEMPATH\Commands\Server\rewrite.php(47): require_once('F:\\Mizanur_Rahman_1277622\\XAMPP_7.4.3\\htdocs\\codeigniter\\ci_project1\\public\\index.php')
