CRITICAL - 2023-12-06 05:03:05 --> syntax error, unexpected token "}", expecting ";"
in APPPATH\Controllers\SignupController.php on line 42.
 1 SYSTEMPATH\Autoloader\Autoloader.php(291): CodeIgniter\Autoloader\Autoloader->includeFile('E:\\xampp\\htdocs\\wdpf55_ci\\ci_project1_mizan\\app\\Controllers\\SignupController.php')
 2 SYSTEMPATH\Autoloader\Autoloader.php(269): CodeIgniter\Autoloader\Autoloader->loadInNamespace('App\\Controllers\\SignupController')
 3 [internal function]: CodeIgniter\Autoloader\Autoloader->loadClass('App\\Controllers\\SignupController')
 4 SYSTEMPATH\CodeIgniter.php(900): class_exists('\\App\\Controllers\\SignupController', true)
 5 SYSTEMPATH\CodeIgniter.php(489): CodeIgniter\CodeIgniter->startController()
 6 SYSTEMPATH\CodeIgniter.php(361): CodeIgniter\CodeIgniter->handleRequest(null, Object(Config\Cache), false)
 7 FCPATH\index.php(79): CodeIgniter\CodeIgniter->run()
 8 SYSTEMPATH\Commands\Server\rewrite.php(47): require_once('E:\\xampp\\htdocs\\wdpf55_ci\\ci_project1_mizan\\public\\index.php')
CRITICAL - 2023-12-06 05:03:12 --> syntax error, unexpected token "}", expecting ";"
in APPPATH\Controllers\SignupController.php on line 42.
 1 SYSTEMPATH\Autoloader\Autoloader.php(291): CodeIgniter\Autoloader\Autoloader->includeFile('E:\\xampp\\htdocs\\wdpf55_ci\\ci_project1_mizan\\app\\Controllers\\SignupController.php')
 2 SYSTEMPATH\Autoloader\Autoloader.php(269): CodeIgniter\Autoloader\Autoloader->loadInNamespace('App\\Controllers\\SignupController')
 3 [internal function]: CodeIgniter\Autoloader\Autoloader->loadClass('App\\Controllers\\SignupController')
 4 SYSTEMPATH\CodeIgniter.php(900): class_exists('\\App\\Controllers\\SignupController', true)
 5 SYSTEMPATH\CodeIgniter.php(489): CodeIgniter\CodeIgniter->startController()
 6 SYSTEMPATH\CodeIgniter.php(361): CodeIgniter\CodeIgniter->handleRequest(null, Object(Config\Cache), false)
 7 FCPATH\index.php(79): CodeIgniter\CodeIgniter->run()
 8 SYSTEMPATH\Commands\Server\rewrite.php(47): require_once('E:\\xampp\\htdocs\\wdpf55_ci\\ci_project1_mizan\\public\\index.php')
CRITICAL - 2023-12-06 05:04:36 --> syntax error, unexpected token "}", expecting ";"
in APPPATH\Controllers\SignupController.php on line 42.
 1 SYSTEMPATH\Autoloader\Autoloader.php(291): CodeIgniter\Autoloader\Autoloader->includeFile('E:\\xampp\\htdocs\\wdpf55_ci\\ci_project1_mizan\\app\\Controllers\\SignupController.php')
 2 SYSTEMPATH\Autoloader\Autoloader.php(269): CodeIgniter\Autoloader\Autoloader->loadInNamespace('App\\Controllers\\SignupController')
 3 [internal function]: CodeIgniter\Autoloader\Autoloader->loadClass('App\\Controllers\\SignupController')
 4 SYSTEMPATH\CodeIgniter.php(900): class_exists('\\App\\Controllers\\SignupController', true)
 5 SYSTEMPATH\CodeIgniter.php(489): CodeIgniter\CodeIgniter->startController()
 6 SYSTEMPATH\CodeIgniter.php(361): CodeIgniter\CodeIgniter->handleRequest(null, Object(Config\Cache), false)
 7 FCPATH\index.php(79): CodeIgniter\CodeIgniter->run()
 8 SYSTEMPATH\Commands\Server\rewrite.php(47): require_once('E:\\xampp\\htdocs\\wdpf55_ci\\ci_project1_mizan\\public\\index.php')
CRITICAL - 2023-12-06 05:08:24 --> syntax error, unexpected token "}", expecting ";"
in APPPATH\Controllers\SignupController.php on line 42.
 1 SYSTEMPATH\Autoloader\Autoloader.php(291): CodeIgniter\Autoloader\Autoloader->includeFile('E:\\xampp\\htdocs\\wdpf55_ci\\ci_project1_mizan\\app\\Controllers\\SignupController.php')
 2 SYSTEMPATH\Autoloader\Autoloader.php(269): CodeIgniter\Autoloader\Autoloader->loadInNamespace('App\\Controllers\\SignupController')
 3 [internal function]: CodeIgniter\Autoloader\Autoloader->loadClass('App\\Controllers\\SignupController')
 4 SYSTEMPATH\CodeIgniter.php(900): class_exists('\\App\\Controllers\\SignupController', true)
 5 SYSTEMPATH\CodeIgniter.php(489): CodeIgniter\CodeIgniter->startController()
 6 SYSTEMPATH\CodeIgniter.php(361): CodeIgniter\CodeIgniter->handleRequest(null, Object(Config\Cache), false)
 7 FCPATH\index.php(79): CodeIgniter\CodeIgniter->run()
 8 SYSTEMPATH\Commands\Server\rewrite.php(47): require_once('E:\\xampp\\htdocs\\wdpf55_ci\\ci_project1_mizan\\public\\index.php')
INFO - 2023-12-06 05:29:05 --> Session: Class initialized using 'CodeIgniter\Session\Handlers\FileHandler' driver.
INFO - 2023-12-06 05:35:10 --> Session: Class initialized using 'CodeIgniter\Session\Handlers\FileHandler' driver.
INFO - 2023-12-06 06:21:44 --> Session: Class initialized using 'CodeIgniter\Session\Handlers\FileHandler' driver.
INFO - 2023-12-06 07:34:50 --> Session: Class initialized using 'CodeIgniter\Session\Handlers\FileHandler' driver.
INFO - 2023-12-06 07:35:23 --> Session: Class initialized using 'CodeIgniter\Session\Handlers\FileHandler' driver.
INFO - 2023-12-06 07:35:34 --> Session: Class initialized using 'CodeIgniter\Session\Handlers\FileHandler' driver.
