INFO - 2023-12-04 03:53:29 --> Session: Class initialized using 'CodeIgniter\Session\Handlers\FileHandler' driver.
CRITICAL - 2023-12-04 03:53:31 --> Undefined variable: title
in APPPATH\Views\products\create.php on line 13.
 1 APPPATH\Views\products\create.php(13): CodeIgniter\Debug\Exceptions->errorHandler(8, 'Undefined variable: title', 'F:\\Mizanur_Rahman_1277622\\XAMPP_7.4.3\\htdocs\\codeigniter\\ci_project1\\app\\Views\\products\\create.php', 13, [])
 2 SYSTEMPATH\View\View.php(228): include('F:\\Mizanur_Rahman_1277622\\XAMPP_7.4.3\\htdocs\\codeigniter\\ci_project1\\app\\Views\\products\\create.php')
 3 SYSTEMPATH\View\View.php(231): CodeIgniter\View\View->CodeIgniter\View\{closure}()
 4 SYSTEMPATH\Common.php(1190): CodeIgniter\View\View->render('products/create', [], true)
 5 APPPATH\Controllers\ProductController.php(32): view('products/create')
 6 SYSTEMPATH\CodeIgniter.php(942): App\Controllers\ProductController->create()
 7 SYSTEMPATH\CodeIgniter.php(502): CodeIgniter\CodeIgniter->runController(Object(App\Controllers\ProductController))
 8 SYSTEMPATH\CodeIgniter.php(361): CodeIgniter\CodeIgniter->handleRequest(null, Object(Config\Cache), false)
 9 FCPATH\index.php(79): CodeIgniter\CodeIgniter->run()
10 SYSTEMPATH\Commands\Server\rewrite.php(47): require_once('F:\\Mizanur_Rahman_1277622\\XAMPP_7.4.3\\htdocs\\codeigniter\\ci_project1\\public\\index.php')
INFO - 2023-12-04 03:53:47 --> Session: Class initialized using 'CodeIgniter\Session\Handlers\FileHandler' driver.
INFO - 2023-12-04 03:55:09 --> Session: Class initialized using 'CodeIgniter\Session\Handlers\FileHandler' driver.
INFO - 2023-12-04 03:55:45 --> Session: Class initialized using 'CodeIgniter\Session\Handlers\FileHandler' driver.
INFO - 2023-12-04 03:58:43 --> Session: Class initialized using 'CodeIgniter\Session\Handlers\FileHandler' driver.
INFO - 2023-12-04 03:58:58 --> Session: Class initialized using 'CodeIgniter\Session\Handlers\FileHandler' driver.
INFO - 2023-12-04 04:06:07 --> Session: Class initialized using 'CodeIgniter\Session\Handlers\FileHandler' driver.
INFO - 2023-12-04 04:06:09 --> Session: Class initialized using 'CodeIgniter\Session\Handlers\FileHandler' driver.
INFO - 2023-12-04 04:06:13 --> Session: Class initialized using 'CodeIgniter\Session\Handlers\FileHandler' driver.
INFO - 2023-12-04 04:07:16 --> Session: Class initialized using 'CodeIgniter\Session\Handlers\FileHandler' driver.
INFO - 2023-12-04 04:09:50 --> Session: Class initialized using 'CodeIgniter\Session\Handlers\FileHandler' driver.
INFO - 2023-12-04 04:15:01 --> Session: Class initialized using 'CodeIgniter\Session\Handlers\FileHandler' driver.
INFO - 2023-12-04 04:18:44 --> Session: Class initialized using 'CodeIgniter\Session\Handlers\FileHandler' driver.
INFO - 2023-12-04 04:18:53 --> Session: Class initialized using 'CodeIgniter\Session\Handlers\FileHandler' driver.
INFO - 2023-12-04 04:19:48 --> Session: Class initialized using 'CodeIgniter\Session\Handlers\FileHandler' driver.
INFO - 2023-12-04 04:34:20 --> Session: Class initialized using 'CodeIgniter\Session\Handlers\FileHandler' driver.
ERROR - 2023-12-04 04:34:25 --> mysqli_sql_exception: Unknown column 'id' in 'where clause' in E:\xampp\htdocs\wdpf55_ci\ci_project1_mizan\system\Database\MySQLi\Connection.php:306
Stack trace:
#0 E:\xampp\htdocs\wdpf55_ci\ci_project1_mizan\system\Database\MySQLi\Connection.php(306): mysqli->query('DELETE FROM `pr...', 0)
#1 E:\xampp\htdocs\wdpf55_ci\ci_project1_mizan\system\Database\BaseConnection.php(693): CodeIgniter\Database\MySQLi\Connection->execute('DELETE FROM `pr...')
#2 E:\xampp\htdocs\wdpf55_ci\ci_project1_mizan\system\Database\BaseConnection.php(607): CodeIgniter\Database\BaseConnection->simpleQuery('DELETE FROM `pr...')
#3 E:\xampp\htdocs\wdpf55_ci\ci_project1_mizan\system\Database\BaseBuilder.php(2790): CodeIgniter\Database\BaseConnection->query('DELETE FROM `pr...', Array, false)
#4 E:\xampp\htdocs\wdpf55_ci\ci_project1_mizan\system\Model.php(445): CodeIgniter\Database\BaseBuilder->delete()
#5 E:\xampp\htdocs\wdpf55_ci\ci_project1_mizan\system\BaseModel.php(1080): CodeIgniter\Model->doDelete(Array, true)
#6 E:\xampp\htdocs\wdpf55_ci\ci_project1_mizan\app\Controllers\ProductController.php(63): CodeIgniter\BaseModel->delete(Array, true)
#7 E:\xampp\htdocs\wdpf55_ci\ci_project1_mizan\system\CodeIgniter.php(942): App\Controllers\ProductController->delete('1')
#8 E:\xampp\htdocs\wdpf55_ci\ci_project1_mizan\system\CodeIgniter.php(502): CodeIgniter\CodeIgniter->runController(Object(App\Controllers\ProductController))
#9 E:\xampp\htdocs\wdpf55_ci\ci_project1_mizan\system\CodeIgniter.php(361): CodeIgniter\CodeIgniter->handleRequest(NULL, Object(Config\Cache), false)
#10 E:\xampp\htdocs\wdpf55_ci\ci_project1_mizan\public\index.php(79): CodeIgniter\CodeIgniter->run()
#11 E:\xampp\htdocs\wdpf55_ci\ci_project1_mizan\system\Commands\Server\rewrite.php(47): require_once('E:\\xampp\\htdocs...')
#12 {main}
CRITICAL - 2023-12-04 04:34:25 --> Unknown column 'id' in 'where clause'
in SYSTEMPATH\Database\BaseConnection.php on line 647.
 1 SYSTEMPATH\Database\BaseBuilder.php(2790): CodeIgniter\Database\BaseConnection->query('DELETE FROM `products`
WHERE `id` IN :id:', [...], false)
 2 SYSTEMPATH\Model.php(445): CodeIgniter\Database\BaseBuilder->delete()
 3 SYSTEMPATH\BaseModel.php(1080): CodeIgniter\Model->doDelete([...], true)
 4 APPPATH\Controllers\ProductController.php(63): CodeIgniter\BaseModel->delete([...], true)
 5 SYSTEMPATH\CodeIgniter.php(942): App\Controllers\ProductController->delete('1')
 6 SYSTEMPATH\CodeIgniter.php(502): CodeIgniter\CodeIgniter->runController(Object(App\Controllers\ProductController))
 7 SYSTEMPATH\CodeIgniter.php(361): CodeIgniter\CodeIgniter->handleRequest(null, Object(Config\Cache), false)
 8 FCPATH\index.php(79): CodeIgniter\CodeIgniter->run()
 9 SYSTEMPATH\Commands\Server\rewrite.php(47): require_once('E:\\xampp\\htdocs\\wdpf55_ci\\ci_project1_mizan\\public\\index.php')
INFO - 2023-12-04 04:34:32 --> Session: Class initialized using 'CodeIgniter\Session\Handlers\FileHandler' driver.
ERROR - 2023-12-04 04:34:43 --> mysqli_sql_exception: Unknown column 'id' in 'where clause' in E:\xampp\htdocs\wdpf55_ci\ci_project1_mizan\system\Database\MySQLi\Connection.php:306
Stack trace:
#0 E:\xampp\htdocs\wdpf55_ci\ci_project1_mizan\system\Database\MySQLi\Connection.php(306): mysqli->query('DELETE FROM `pr...', 0)
#1 E:\xampp\htdocs\wdpf55_ci\ci_project1_mizan\system\Database\BaseConnection.php(693): CodeIgniter\Database\MySQLi\Connection->execute('DELETE FROM `pr...')
#2 E:\xampp\htdocs\wdpf55_ci\ci_project1_mizan\system\Database\BaseConnection.php(607): CodeIgniter\Database\BaseConnection->simpleQuery('DELETE FROM `pr...')
#3 E:\xampp\htdocs\wdpf55_ci\ci_project1_mizan\system\Database\BaseBuilder.php(2790): CodeIgniter\Database\BaseConnection->query('DELETE FROM `pr...', Array, false)
#4 E:\xampp\htdocs\wdpf55_ci\ci_project1_mizan\system\Model.php(445): CodeIgniter\Database\BaseBuilder->delete()
#5 E:\xampp\htdocs\wdpf55_ci\ci_project1_mizan\system\BaseModel.php(1080): CodeIgniter\Model->doDelete(Array, true)
#6 E:\xampp\htdocs\wdpf55_ci\ci_project1_mizan\app\Controllers\ProductController.php(63): CodeIgniter\BaseModel->delete(Array, true)
#7 E:\xampp\htdocs\wdpf55_ci\ci_project1_mizan\system\CodeIgniter.php(942): App\Controllers\ProductController->delete('1')
#8 E:\xampp\htdocs\wdpf55_ci\ci_project1_mizan\system\CodeIgniter.php(502): CodeIgniter\CodeIgniter->runController(Object(App\Controllers\ProductController))
#9 E:\xampp\htdocs\wdpf55_ci\ci_project1_mizan\system\CodeIgniter.php(361): CodeIgniter\CodeIgniter->handleRequest(NULL, Object(Config\Cache), false)
#10 E:\xampp\htdocs\wdpf55_ci\ci_project1_mizan\public\index.php(79): CodeIgniter\CodeIgniter->run()
#11 E:\xampp\htdocs\wdpf55_ci\ci_project1_mizan\system\Commands\Server\rewrite.php(47): require_once('E:\\xampp\\htdocs...')
#12 {main}
CRITICAL - 2023-12-04 04:34:43 --> Unknown column 'id' in 'where clause'
in SYSTEMPATH\Database\BaseConnection.php on line 647.
 1 SYSTEMPATH\Database\BaseBuilder.php(2790): CodeIgniter\Database\BaseConnection->query('DELETE FROM `products`
WHERE `id` IN :id:', [...], false)
 2 SYSTEMPATH\Model.php(445): CodeIgniter\Database\BaseBuilder->delete()
 3 SYSTEMPATH\BaseModel.php(1080): CodeIgniter\Model->doDelete([...], true)
 4 APPPATH\Controllers\ProductController.php(63): CodeIgniter\BaseModel->delete([...], true)
 5 SYSTEMPATH\CodeIgniter.php(942): App\Controllers\ProductController->delete('1')
 6 SYSTEMPATH\CodeIgniter.php(502): CodeIgniter\CodeIgniter->runController(Object(App\Controllers\ProductController))
 7 SYSTEMPATH\CodeIgniter.php(361): CodeIgniter\CodeIgniter->handleRequest(null, Object(Config\Cache), false)
 8 FCPATH\index.php(79): CodeIgniter\CodeIgniter->run()
 9 SYSTEMPATH\Commands\Server\rewrite.php(47): require_once('E:\\xampp\\htdocs\\wdpf55_ci\\ci_project1_mizan\\public\\index.php')
INFO - 2023-12-04 04:34:49 --> Session: Class initialized using 'CodeIgniter\Session\Handlers\FileHandler' driver.
ERROR - 2023-12-04 04:35:32 --> mysqli_sql_exception: Unknown column 'id' in 'where clause' in E:\xampp\htdocs\wdpf55_ci\ci_project1_mizan\system\Database\MySQLi\Connection.php:306
Stack trace:
#0 E:\xampp\htdocs\wdpf55_ci\ci_project1_mizan\system\Database\MySQLi\Connection.php(306): mysqli->query('DELETE FROM `pr...', 0)
#1 E:\xampp\htdocs\wdpf55_ci\ci_project1_mizan\system\Database\BaseConnection.php(693): CodeIgniter\Database\MySQLi\Connection->execute('DELETE FROM `pr...')
#2 E:\xampp\htdocs\wdpf55_ci\ci_project1_mizan\system\Database\BaseConnection.php(607): CodeIgniter\Database\BaseConnection->simpleQuery('DELETE FROM `pr...')
#3 E:\xampp\htdocs\wdpf55_ci\ci_project1_mizan\system\Database\BaseBuilder.php(2790): CodeIgniter\Database\BaseConnection->query('DELETE FROM `pr...', Array, false)
#4 E:\xampp\htdocs\wdpf55_ci\ci_project1_mizan\system\Model.php(445): CodeIgniter\Database\BaseBuilder->delete()
#5 E:\xampp\htdocs\wdpf55_ci\ci_project1_mizan\system\BaseModel.php(1080): CodeIgniter\Model->doDelete(Array, true)
#6 E:\xampp\htdocs\wdpf55_ci\ci_project1_mizan\app\Controllers\ProductController.php(63): CodeIgniter\BaseModel->delete(Array, true)
#7 E:\xampp\htdocs\wdpf55_ci\ci_project1_mizan\system\CodeIgniter.php(942): App\Controllers\ProductController->delete('1')
#8 E:\xampp\htdocs\wdpf55_ci\ci_project1_mizan\system\CodeIgniter.php(502): CodeIgniter\CodeIgniter->runController(Object(App\Controllers\ProductController))
#9 E:\xampp\htdocs\wdpf55_ci\ci_project1_mizan\system\CodeIgniter.php(361): CodeIgniter\CodeIgniter->handleRequest(NULL, Object(Config\Cache), false)
#10 E:\xampp\htdocs\wdpf55_ci\ci_project1_mizan\public\index.php(79): CodeIgniter\CodeIgniter->run()
#11 E:\xampp\htdocs\wdpf55_ci\ci_project1_mizan\system\Commands\Server\rewrite.php(47): require_once('E:\\xampp\\htdocs...')
#12 {main}
CRITICAL - 2023-12-04 04:35:32 --> Unknown column 'id' in 'where clause'
in SYSTEMPATH\Database\BaseConnection.php on line 647.
 1 SYSTEMPATH\Database\BaseBuilder.php(2790): CodeIgniter\Database\BaseConnection->query('DELETE FROM `products`
WHERE `id` IN :id:', [...], false)
 2 SYSTEMPATH\Model.php(445): CodeIgniter\Database\BaseBuilder->delete()
 3 SYSTEMPATH\BaseModel.php(1080): CodeIgniter\Model->doDelete([...], true)
 4 APPPATH\Controllers\ProductController.php(63): CodeIgniter\BaseModel->delete([...], true)
 5 SYSTEMPATH\CodeIgniter.php(942): App\Controllers\ProductController->delete('1')
 6 SYSTEMPATH\CodeIgniter.php(502): CodeIgniter\CodeIgniter->runController(Object(App\Controllers\ProductController))
 7 SYSTEMPATH\CodeIgniter.php(361): CodeIgniter\CodeIgniter->handleRequest(null, Object(Config\Cache), false)
 8 FCPATH\index.php(79): CodeIgniter\CodeIgniter->run()
 9 SYSTEMPATH\Commands\Server\rewrite.php(47): require_once('E:\\xampp\\htdocs\\wdpf55_ci\\ci_project1_mizan\\public\\index.php')
ERROR - 2023-12-04 04:36:55 --> mysqli_sql_exception: Unknown column 'id' in 'where clause' in E:\xampp\htdocs\wdpf55_ci\ci_project1_mizan\system\Database\MySQLi\Connection.php:306
Stack trace:
#0 E:\xampp\htdocs\wdpf55_ci\ci_project1_mizan\system\Database\MySQLi\Connection.php(306): mysqli->query('DELETE FROM `pr...', 0)
#1 E:\xampp\htdocs\wdpf55_ci\ci_project1_mizan\system\Database\BaseConnection.php(693): CodeIgniter\Database\MySQLi\Connection->execute('DELETE FROM `pr...')
#2 E:\xampp\htdocs\wdpf55_ci\ci_project1_mizan\system\Database\BaseConnection.php(607): CodeIgniter\Database\BaseConnection->simpleQuery('DELETE FROM `pr...')
#3 E:\xampp\htdocs\wdpf55_ci\ci_project1_mizan\system\Database\BaseBuilder.php(2790): CodeIgniter\Database\BaseConnection->query('DELETE FROM `pr...', Array, false)
#4 E:\xampp\htdocs\wdpf55_ci\ci_project1_mizan\system\Model.php(445): CodeIgniter\Database\BaseBuilder->delete()
#5 E:\xampp\htdocs\wdpf55_ci\ci_project1_mizan\system\BaseModel.php(1080): CodeIgniter\Model->doDelete(Array, true)
#6 E:\xampp\htdocs\wdpf55_ci\ci_project1_mizan\app\Controllers\ProductController.php(63): CodeIgniter\BaseModel->delete(Array, true)
#7 E:\xampp\htdocs\wdpf55_ci\ci_project1_mizan\system\CodeIgniter.php(942): App\Controllers\ProductController->delete('1')
#8 E:\xampp\htdocs\wdpf55_ci\ci_project1_mizan\system\CodeIgniter.php(502): CodeIgniter\CodeIgniter->runController(Object(App\Controllers\ProductController))
#9 E:\xampp\htdocs\wdpf55_ci\ci_project1_mizan\system\CodeIgniter.php(361): CodeIgniter\CodeIgniter->handleRequest(NULL, Object(Config\Cache), false)
#10 E:\xampp\htdocs\wdpf55_ci\ci_project1_mizan\public\index.php(79): CodeIgniter\CodeIgniter->run()
#11 E:\xampp\htdocs\wdpf55_ci\ci_project1_mizan\system\Commands\Server\rewrite.php(47): require_once('E:\\xampp\\htdocs...')
#12 {main}
CRITICAL - 2023-12-04 04:36:55 --> Unknown column 'id' in 'where clause'
in SYSTEMPATH\Database\BaseConnection.php on line 647.
 1 SYSTEMPATH\Database\BaseBuilder.php(2790): CodeIgniter\Database\BaseConnection->query('DELETE FROM `products`
WHERE `id` IN :id:', [...], false)
 2 SYSTEMPATH\Model.php(445): CodeIgniter\Database\BaseBuilder->delete()
 3 SYSTEMPATH\BaseModel.php(1080): CodeIgniter\Model->doDelete([...], true)
 4 APPPATH\Controllers\ProductController.php(63): CodeIgniter\BaseModel->delete([...], true)
 5 SYSTEMPATH\CodeIgniter.php(942): App\Controllers\ProductController->delete('1')
 6 SYSTEMPATH\CodeIgniter.php(502): CodeIgniter\CodeIgniter->runController(Object(App\Controllers\ProductController))
 7 SYSTEMPATH\CodeIgniter.php(361): CodeIgniter\CodeIgniter->handleRequest(null, Object(Config\Cache), false)
 8 FCPATH\index.php(79): CodeIgniter\CodeIgniter->run()
 9 SYSTEMPATH\Commands\Server\rewrite.php(47): require_once('E:\\xampp\\htdocs\\wdpf55_ci\\ci_project1_mizan\\public\\index.php')
INFO - 2023-12-04 04:36:56 --> Session: Class initialized using 'CodeIgniter\Session\Handlers\FileHandler' driver.
INFO - 2023-12-04 04:36:58 --> Session: Class initialized using 'CodeIgniter\Session\Handlers\FileHandler' driver.
ERROR - 2023-12-04 04:37:00 --> mysqli_sql_exception: Unknown column 'id' in 'where clause' in E:\xampp\htdocs\wdpf55_ci\ci_project1_mizan\system\Database\MySQLi\Connection.php:306
Stack trace:
#0 E:\xampp\htdocs\wdpf55_ci\ci_project1_mizan\system\Database\MySQLi\Connection.php(306): mysqli->query('DELETE FROM `pr...', 0)
#1 E:\xampp\htdocs\wdpf55_ci\ci_project1_mizan\system\Database\BaseConnection.php(693): CodeIgniter\Database\MySQLi\Connection->execute('DELETE FROM `pr...')
#2 E:\xampp\htdocs\wdpf55_ci\ci_project1_mizan\system\Database\BaseConnection.php(607): CodeIgniter\Database\BaseConnection->simpleQuery('DELETE FROM `pr...')
#3 E:\xampp\htdocs\wdpf55_ci\ci_project1_mizan\system\Database\BaseBuilder.php(2790): CodeIgniter\Database\BaseConnection->query('DELETE FROM `pr...', Array, false)
#4 E:\xampp\htdocs\wdpf55_ci\ci_project1_mizan\system\Model.php(445): CodeIgniter\Database\BaseBuilder->delete()
#5 E:\xampp\htdocs\wdpf55_ci\ci_project1_mizan\system\BaseModel.php(1080): CodeIgniter\Model->doDelete(Array, true)
#6 E:\xampp\htdocs\wdpf55_ci\ci_project1_mizan\app\Controllers\ProductController.php(63): CodeIgniter\BaseModel->delete(Array, true)
#7 E:\xampp\htdocs\wdpf55_ci\ci_project1_mizan\system\CodeIgniter.php(942): App\Controllers\ProductController->delete('1')
#8 E:\xampp\htdocs\wdpf55_ci\ci_project1_mizan\system\CodeIgniter.php(502): CodeIgniter\CodeIgniter->runController(Object(App\Controllers\ProductController))
#9 E:\xampp\htdocs\wdpf55_ci\ci_project1_mizan\system\CodeIgniter.php(361): CodeIgniter\CodeIgniter->handleRequest(NULL, Object(Config\Cache), false)
#10 E:\xampp\htdocs\wdpf55_ci\ci_project1_mizan\public\index.php(79): CodeIgniter\CodeIgniter->run()
#11 E:\xampp\htdocs\wdpf55_ci\ci_project1_mizan\system\Commands\Server\rewrite.php(47): require_once('E:\\xampp\\htdocs...')
#12 {main}
CRITICAL - 2023-12-04 04:37:00 --> Unknown column 'id' in 'where clause'
in SYSTEMPATH\Database\BaseConnection.php on line 647.
 1 SYSTEMPATH\Database\BaseBuilder.php(2790): CodeIgniter\Database\BaseConnection->query('DELETE FROM `products`
WHERE `id` IN :id:', [...], false)
 2 SYSTEMPATH\Model.php(445): CodeIgniter\Database\BaseBuilder->delete()
 3 SYSTEMPATH\BaseModel.php(1080): CodeIgniter\Model->doDelete([...], true)
 4 APPPATH\Controllers\ProductController.php(63): CodeIgniter\BaseModel->delete([...], true)
 5 SYSTEMPATH\CodeIgniter.php(942): App\Controllers\ProductController->delete('1')
 6 SYSTEMPATH\CodeIgniter.php(502): CodeIgniter\CodeIgniter->runController(Object(App\Controllers\ProductController))
 7 SYSTEMPATH\CodeIgniter.php(361): CodeIgniter\CodeIgniter->handleRequest(null, Object(Config\Cache), false)
 8 FCPATH\index.php(79): CodeIgniter\CodeIgniter->run()
 9 SYSTEMPATH\Commands\Server\rewrite.php(47): require_once('E:\\xampp\\htdocs\\wdpf55_ci\\ci_project1_mizan\\public\\index.php')
INFO - 2023-12-04 04:37:01 --> Session: Class initialized using 'CodeIgniter\Session\Handlers\FileHandler' driver.
INFO - 2023-12-04 04:37:47 --> Session: Class initialized using 'CodeIgniter\Session\Handlers\FileHandler' driver.
ERROR - 2023-12-04 04:38:51 --> mysqli_sql_exception: Unknown column 'id' in 'where clause' in E:\xampp\htdocs\wdpf55_ci\ci_project1_mizan\system\Database\MySQLi\Connection.php:306
Stack trace:
#0 E:\xampp\htdocs\wdpf55_ci\ci_project1_mizan\system\Database\MySQLi\Connection.php(306): mysqli->query('DELETE FROM `pr...', 0)
#1 E:\xampp\htdocs\wdpf55_ci\ci_project1_mizan\system\Database\BaseConnection.php(693): CodeIgniter\Database\MySQLi\Connection->execute('DELETE FROM `pr...')
#2 E:\xampp\htdocs\wdpf55_ci\ci_project1_mizan\system\Database\BaseConnection.php(607): CodeIgniter\Database\BaseConnection->simpleQuery('DELETE FROM `pr...')
#3 E:\xampp\htdocs\wdpf55_ci\ci_project1_mizan\system\Database\BaseBuilder.php(2790): CodeIgniter\Database\BaseConnection->query('DELETE FROM `pr...', Array, false)
#4 E:\xampp\htdocs\wdpf55_ci\ci_project1_mizan\system\Model.php(445): CodeIgniter\Database\BaseBuilder->delete()
#5 E:\xampp\htdocs\wdpf55_ci\ci_project1_mizan\system\BaseModel.php(1080): CodeIgniter\Model->doDelete(Array, true)
#6 E:\xampp\htdocs\wdpf55_ci\ci_project1_mizan\app\Controllers\ProductController.php(63): CodeIgniter\BaseModel->delete(Array, true)
#7 E:\xampp\htdocs\wdpf55_ci\ci_project1_mizan\system\CodeIgniter.php(942): App\Controllers\ProductController->delete('1')
#8 E:\xampp\htdocs\wdpf55_ci\ci_project1_mizan\system\CodeIgniter.php(502): CodeIgniter\CodeIgniter->runController(Object(App\Controllers\ProductController))
#9 E:\xampp\htdocs\wdpf55_ci\ci_project1_mizan\system\CodeIgniter.php(361): CodeIgniter\CodeIgniter->handleRequest(NULL, Object(Config\Cache), false)
#10 E:\xampp\htdocs\wdpf55_ci\ci_project1_mizan\public\index.php(79): CodeIgniter\CodeIgniter->run()
#11 E:\xampp\htdocs\wdpf55_ci\ci_project1_mizan\system\Commands\Server\rewrite.php(47): require_once('E:\\xampp\\htdocs...')
#12 {main}
CRITICAL - 2023-12-04 04:38:51 --> Unknown column 'id' in 'where clause'
in SYSTEMPATH\Database\BaseConnection.php on line 647.
 1 SYSTEMPATH\Database\BaseBuilder.php(2790): CodeIgniter\Database\BaseConnection->query('DELETE FROM `products`
WHERE `id` IN :id:', [...], false)
 2 SYSTEMPATH\Model.php(445): CodeIgniter\Database\BaseBuilder->delete()
 3 SYSTEMPATH\BaseModel.php(1080): CodeIgniter\Model->doDelete([...], true)
 4 APPPATH\Controllers\ProductController.php(63): CodeIgniter\BaseModel->delete([...], true)
 5 SYSTEMPATH\CodeIgniter.php(942): App\Controllers\ProductController->delete('1')
 6 SYSTEMPATH\CodeIgniter.php(502): CodeIgniter\CodeIgniter->runController(Object(App\Controllers\ProductController))
 7 SYSTEMPATH\CodeIgniter.php(361): CodeIgniter\CodeIgniter->handleRequest(null, Object(Config\Cache), false)
 8 FCPATH\index.php(79): CodeIgniter\CodeIgniter->run()
 9 SYSTEMPATH\Commands\Server\rewrite.php(47): require_once('E:\\xampp\\htdocs\\wdpf55_ci\\ci_project1_mizan\\public\\index.php')
INFO - 2023-12-04 04:39:15 --> Session: Class initialized using 'CodeIgniter\Session\Handlers\FileHandler' driver.
INFO - 2023-12-04 04:42:36 --> Session: Class initialized using 'CodeIgniter\Session\Handlers\FileHandler' driver.
INFO - 2023-12-04 04:42:40 --> Session: Class initialized using 'CodeIgniter\Session\Handlers\FileHandler' driver.
INFO - 2023-12-04 04:42:43 --> Session: Class initialized using 'CodeIgniter\Session\Handlers\FileHandler' driver.
INFO - 2023-12-04 04:42:47 --> Session: Class initialized using 'CodeIgniter\Session\Handlers\FileHandler' driver.
INFO - 2023-12-04 04:43:14 --> Session: Class initialized using 'CodeIgniter\Session\Handlers\FileHandler' driver.
ERROR - 2023-12-04 04:43:16 --> mysqli_sql_exception: Unknown column 'id' in 'where clause' in E:\xampp\htdocs\wdpf55_ci\ci_project1_mizan\system\Database\MySQLi\Connection.php:306
Stack trace:
#0 E:\xampp\htdocs\wdpf55_ci\ci_project1_mizan\system\Database\MySQLi\Connection.php(306): mysqli->query('DELETE FROM `pr...', 0)
#1 E:\xampp\htdocs\wdpf55_ci\ci_project1_mizan\system\Database\BaseConnection.php(693): CodeIgniter\Database\MySQLi\Connection->execute('DELETE FROM `pr...')
#2 E:\xampp\htdocs\wdpf55_ci\ci_project1_mizan\system\Database\BaseConnection.php(607): CodeIgniter\Database\BaseConnection->simpleQuery('DELETE FROM `pr...')
#3 E:\xampp\htdocs\wdpf55_ci\ci_project1_mizan\system\Database\BaseBuilder.php(2790): CodeIgniter\Database\BaseConnection->query('DELETE FROM `pr...', Array, false)
#4 E:\xampp\htdocs\wdpf55_ci\ci_project1_mizan\system\Model.php(445): CodeIgniter\Database\BaseBuilder->delete()
#5 E:\xampp\htdocs\wdpf55_ci\ci_project1_mizan\system\BaseModel.php(1080): CodeIgniter\Model->doDelete(Array, false)
#6 E:\xampp\htdocs\wdpf55_ci\ci_project1_mizan\app\Controllers\ProductController.php(64): CodeIgniter\BaseModel->delete(Array)
#7 E:\xampp\htdocs\wdpf55_ci\ci_project1_mizan\system\CodeIgniter.php(942): App\Controllers\ProductController->delete('1')
#8 E:\xampp\htdocs\wdpf55_ci\ci_project1_mizan\system\CodeIgniter.php(502): CodeIgniter\CodeIgniter->runController(Object(App\Controllers\ProductController))
#9 E:\xampp\htdocs\wdpf55_ci\ci_project1_mizan\system\CodeIgniter.php(361): CodeIgniter\CodeIgniter->handleRequest(NULL, Object(Config\Cache), false)
#10 E:\xampp\htdocs\wdpf55_ci\ci_project1_mizan\public\index.php(79): CodeIgniter\CodeIgniter->run()
#11 E:\xampp\htdocs\wdpf55_ci\ci_project1_mizan\system\Commands\Server\rewrite.php(47): require_once('E:\\xampp\\htdocs...')
#12 {main}
CRITICAL - 2023-12-04 04:43:16 --> Unknown column 'id' in 'where clause'
in SYSTEMPATH\Database\BaseConnection.php on line 647.
 1 SYSTEMPATH\Database\BaseBuilder.php(2790): CodeIgniter\Database\BaseConnection->query('DELETE FROM `products`
WHERE `id` IN :id:', [...], false)
 2 SYSTEMPATH\Model.php(445): CodeIgniter\Database\BaseBuilder->delete()
 3 SYSTEMPATH\BaseModel.php(1080): CodeIgniter\Model->doDelete([...], false)
 4 APPPATH\Controllers\ProductController.php(64): CodeIgniter\BaseModel->delete([...])
 5 SYSTEMPATH\CodeIgniter.php(942): App\Controllers\ProductController->delete('1')
 6 SYSTEMPATH\CodeIgniter.php(502): CodeIgniter\CodeIgniter->runController(Object(App\Controllers\ProductController))
 7 SYSTEMPATH\CodeIgniter.php(361): CodeIgniter\CodeIgniter->handleRequest(null, Object(Config\Cache), false)
 8 FCPATH\index.php(79): CodeIgniter\CodeIgniter->run()
 9 SYSTEMPATH\Commands\Server\rewrite.php(47): require_once('E:\\xampp\\htdocs\\wdpf55_ci\\ci_project1_mizan\\public\\index.php')
INFO - 2023-12-04 04:43:18 --> Session: Class initialized using 'CodeIgniter\Session\Handlers\FileHandler' driver.
INFO - 2023-12-04 04:43:35 --> Session: Class initialized using 'CodeIgniter\Session\Handlers\FileHandler' driver.
ERROR - 2023-12-04 04:43:37 --> mysqli_sql_exception: Unknown column 'id' in 'where clause' in E:\xampp\htdocs\wdpf55_ci\ci_project1_mizan\system\Database\MySQLi\Connection.php:306
Stack trace:
#0 E:\xampp\htdocs\wdpf55_ci\ci_project1_mizan\system\Database\MySQLi\Connection.php(306): mysqli->query('DELETE FROM `pr...', 0)
#1 E:\xampp\htdocs\wdpf55_ci\ci_project1_mizan\system\Database\BaseConnection.php(693): CodeIgniter\Database\MySQLi\Connection->execute('DELETE FROM `pr...')
#2 E:\xampp\htdocs\wdpf55_ci\ci_project1_mizan\system\Database\BaseConnection.php(607): CodeIgniter\Database\BaseConnection->simpleQuery('DELETE FROM `pr...')
#3 E:\xampp\htdocs\wdpf55_ci\ci_project1_mizan\system\Database\BaseBuilder.php(2790): CodeIgniter\Database\BaseConnection->query('DELETE FROM `pr...', Array, false)
#4 E:\xampp\htdocs\wdpf55_ci\ci_project1_mizan\system\Model.php(445): CodeIgniter\Database\BaseBuilder->delete()
#5 E:\xampp\htdocs\wdpf55_ci\ci_project1_mizan\system\BaseModel.php(1080): CodeIgniter\Model->doDelete(Array, false)
#6 E:\xampp\htdocs\wdpf55_ci\ci_project1_mizan\app\Controllers\ProductController.php(64): CodeIgniter\BaseModel->delete(Array)
#7 E:\xampp\htdocs\wdpf55_ci\ci_project1_mizan\system\CodeIgniter.php(942): App\Controllers\ProductController->delete('1')
#8 E:\xampp\htdocs\wdpf55_ci\ci_project1_mizan\system\CodeIgniter.php(502): CodeIgniter\CodeIgniter->runController(Object(App\Controllers\ProductController))
#9 E:\xampp\htdocs\wdpf55_ci\ci_project1_mizan\system\CodeIgniter.php(361): CodeIgniter\CodeIgniter->handleRequest(NULL, Object(Config\Cache), false)
#10 E:\xampp\htdocs\wdpf55_ci\ci_project1_mizan\public\index.php(79): CodeIgniter\CodeIgniter->run()
#11 E:\xampp\htdocs\wdpf55_ci\ci_project1_mizan\system\Commands\Server\rewrite.php(47): require_once('E:\\xampp\\htdocs...')
#12 {main}
CRITICAL - 2023-12-04 04:43:37 --> Unknown column 'id' in 'where clause'
in SYSTEMPATH\Database\BaseConnection.php on line 647.
 1 SYSTEMPATH\Database\BaseBuilder.php(2790): CodeIgniter\Database\BaseConnection->query('DELETE FROM `products`
WHERE `id` IN :id:', [...], false)
 2 SYSTEMPATH\Model.php(445): CodeIgniter\Database\BaseBuilder->delete()
 3 SYSTEMPATH\BaseModel.php(1080): CodeIgniter\Model->doDelete([...], false)
 4 APPPATH\Controllers\ProductController.php(64): CodeIgniter\BaseModel->delete([...])
 5 SYSTEMPATH\CodeIgniter.php(942): App\Controllers\ProductController->delete('1')
 6 SYSTEMPATH\CodeIgniter.php(502): CodeIgniter\CodeIgniter->runController(Object(App\Controllers\ProductController))
 7 SYSTEMPATH\CodeIgniter.php(361): CodeIgniter\CodeIgniter->handleRequest(null, Object(Config\Cache), false)
 8 FCPATH\index.php(79): CodeIgniter\CodeIgniter->run()
 9 SYSTEMPATH\Commands\Server\rewrite.php(47): require_once('E:\\xampp\\htdocs\\wdpf55_ci\\ci_project1_mizan\\public\\index.php')
INFO - 2023-12-04 04:43:59 --> Session: Class initialized using 'CodeIgniter\Session\Handlers\FileHandler' driver.
INFO - 2023-12-04 04:44:00 --> Session: Class initialized using 'CodeIgniter\Session\Handlers\FileHandler' driver.
INFO - 2023-12-04 04:44:06 --> Session: Class initialized using 'CodeIgniter\Session\Handlers\FileHandler' driver.
INFO - 2023-12-04 04:44:07 --> Session: Class initialized using 'CodeIgniter\Session\Handlers\FileHandler' driver.
INFO - 2023-12-04 04:44:10 --> Session: Class initialized using 'CodeIgniter\Session\Handlers\FileHandler' driver.
INFO - 2023-12-04 04:45:07 --> Session: Class initialized using 'CodeIgniter\Session\Handlers\FileHandler' driver.
INFO - 2023-12-04 04:45:08 --> Session: Class initialized using 'CodeIgniter\Session\Handlers\FileHandler' driver.
INFO - 2023-12-04 04:45:12 --> Session: Class initialized using 'CodeIgniter\Session\Handlers\FileHandler' driver.
INFO - 2023-12-04 04:45:14 --> Session: Class initialized using 'CodeIgniter\Session\Handlers\FileHandler' driver.
INFO - 2023-12-04 04:45:20 --> Session: Class initialized using 'CodeIgniter\Session\Handlers\FileHandler' driver.
INFO - 2023-12-04 04:45:21 --> Session: Class initialized using 'CodeIgniter\Session\Handlers\FileHandler' driver.
INFO - 2023-12-04 04:45:33 --> Session: Class initialized using 'CodeIgniter\Session\Handlers\FileHandler' driver.
INFO - 2023-12-04 04:45:44 --> Session: Class initialized using 'CodeIgniter\Session\Handlers\FileHandler' driver.
INFO - 2023-12-04 04:45:50 --> Session: Class initialized using 'CodeIgniter\Session\Handlers\FileHandler' driver.
INFO - 2023-12-04 04:46:21 --> Session: Class initialized using 'CodeIgniter\Session\Handlers\FileHandler' driver.
INFO - 2023-12-04 04:46:22 --> Session: Class initialized using 'CodeIgniter\Session\Handlers\FileHandler' driver.
INFO - 2023-12-04 04:46:33 --> Session: Class initialized using 'CodeIgniter\Session\Handlers\FileHandler' driver.
CRITICAL - 2023-12-04 04:46:35 --> Deletes are not allowed unless they contain a "where" or "like" clause.
in SYSTEMPATH\Database\BaseBuilder.php on line 2766.
 1 SYSTEMPATH\Model.php(445): CodeIgniter\Database\BaseBuilder->delete()
 2 SYSTEMPATH\BaseModel.php(1080): CodeIgniter\Model->doDelete(null, false)
 3 APPPATH\Controllers\ProductController.php(64): CodeIgniter\BaseModel->delete()
 4 SYSTEMPATH\CodeIgniter.php(942): App\Controllers\ProductController->delete('3')
 5 SYSTEMPATH\CodeIgniter.php(502): CodeIgniter\CodeIgniter->runController(Object(App\Controllers\ProductController))
 6 SYSTEMPATH\CodeIgniter.php(361): CodeIgniter\CodeIgniter->handleRequest(null, Object(Config\Cache), false)
 7 FCPATH\index.php(79): CodeIgniter\CodeIgniter->run()
 8 SYSTEMPATH\Commands\Server\rewrite.php(47): require_once('E:\\xampp\\htdocs\\wdpf55_ci\\ci_project1_mizan\\public\\index.php')
INFO - 2023-12-04 04:48:28 --> Session: Class initialized using 'CodeIgniter\Session\Handlers\FileHandler' driver.
INFO - 2023-12-04 04:48:31 --> Session: Class initialized using 'CodeIgniter\Session\Handlers\FileHandler' driver.
CRITICAL - 2023-12-04 04:48:33 --> The route for "/products" cannot be found.
in SYSTEMPATH\HTTP\RedirectResponse.php on line 62.
 1 SYSTEMPATH\HTTP\RedirectResponse.php(62): CodeIgniter\HTTP\Exceptions\HTTPException::forInvalidRedirectRoute('/products')
 2 SYSTEMPATH\Common.php(878): CodeIgniter\HTTP\RedirectResponse->route(false)
 3 APPPATH\Controllers\ProductController.php(66): redirect('/products')
 4 SYSTEMPATH\CodeIgniter.php(942): App\Controllers\ProductController->delete('3')
 5 SYSTEMPATH\CodeIgniter.php(502): CodeIgniter\CodeIgniter->runController(Object(App\Controllers\ProductController))
 6 SYSTEMPATH\CodeIgniter.php(361): CodeIgniter\CodeIgniter->handleRequest(null, Object(Config\Cache), false)
 7 FCPATH\index.php(79): CodeIgniter\CodeIgniter->run()
 8 SYSTEMPATH\Commands\Server\rewrite.php(47): require_once('E:\\xampp\\htdocs\\wdpf55_ci\\ci_project1_mizan\\public\\index.php')
INFO - 2023-12-04 04:48:35 --> Session: Class initialized using 'CodeIgniter\Session\Handlers\FileHandler' driver.
INFO - 2023-12-04 04:48:36 --> Session: Class initialized using 'CodeIgniter\Session\Handlers\FileHandler' driver.
INFO - 2023-12-04 04:53:12 --> Session: Class initialized using 'CodeIgniter\Session\Handlers\FileHandler' driver.
CRITICAL - 2023-12-04 04:53:14 --> The route for "/products" cannot be found.
in SYSTEMPATH\HTTP\RedirectResponse.php on line 62.
 1 SYSTEMPATH\HTTP\RedirectResponse.php(62): CodeIgniter\HTTP\Exceptions\HTTPException::forInvalidRedirectRoute('/products')
 2 SYSTEMPATH\Common.php(878): CodeIgniter\HTTP\RedirectResponse->route(false)
 3 APPPATH\Controllers\ProductController.php(66): redirect('/products')
 4 SYSTEMPATH\CodeIgniter.php(942): App\Controllers\ProductController->delete('4')
 5 SYSTEMPATH\CodeIgniter.php(502): CodeIgniter\CodeIgniter->runController(Object(App\Controllers\ProductController))
 6 SYSTEMPATH\CodeIgniter.php(361): CodeIgniter\CodeIgniter->handleRequest(null, Object(Config\Cache), false)
 7 FCPATH\index.php(79): CodeIgniter\CodeIgniter->run()
 8 SYSTEMPATH\Commands\Server\rewrite.php(47): require_once('E:\\xampp\\htdocs\\wdpf55_ci\\ci_project1_mizan\\public\\index.php')
INFO - 2023-12-04 04:53:28 --> Session: Class initialized using 'CodeIgniter\Session\Handlers\FileHandler' driver.
INFO - 2023-12-04 04:53:29 --> Session: Class initialized using 'CodeIgniter\Session\Handlers\FileHandler' driver.
INFO - 2023-12-04 04:53:31 --> Session: Class initialized using 'CodeIgniter\Session\Handlers\FileHandler' driver.
INFO - 2023-12-04 05:25:57 --> Session: Class initialized using 'CodeIgniter\Session\Handlers\FileHandler' driver.
INFO - 2023-12-04 06:32:24 --> Session: Class initialized using 'CodeIgniter\Session\Handlers\FileHandler' driver.
CRITICAL - 2023-12-04 06:32:28 --> Invalid file: "products/edit.php"
in SYSTEMPATH\Exceptions\FrameworkException.php on line 39.
 1 SYSTEMPATH\View\View.php(216): CodeIgniter\Exceptions\FrameworkException::forInvalidFile('products/edit.php')
 2 SYSTEMPATH\Common.php(1190): CodeIgniter\View\View->render('products/edit', [], true)
 3 APPPATH\Controllers\ProductController.php(64): view('products/edit')
 4 SYSTEMPATH\CodeIgniter.php(942): App\Controllers\ProductController->edit('6')
 5 SYSTEMPATH\CodeIgniter.php(502): CodeIgniter\CodeIgniter->runController(Object(App\Controllers\ProductController))
 6 SYSTEMPATH\CodeIgniter.php(361): CodeIgniter\CodeIgniter->handleRequest(null, Object(Config\Cache), false)
 7 FCPATH\index.php(79): CodeIgniter\CodeIgniter->run()
 8 SYSTEMPATH\Commands\Server\rewrite.php(47): require_once('E:\\xampp\\htdocs\\wdpf55_ci\\ci_project1_mizan\\public\\index.php')
INFO - 2023-12-04 06:34:42 --> Session: Class initialized using 'CodeIgniter\Session\Handlers\FileHandler' driver.
INFO - 2023-12-04 06:34:44 --> Session: Class initialized using 'CodeIgniter\Session\Handlers\FileHandler' driver.
INFO - 2023-12-04 06:34:46 --> Session: Class initialized using 'CodeIgniter\Session\Handlers\FileHandler' driver.
INFO - 2023-12-04 06:37:34 --> Session: Class initialized using 'CodeIgniter\Session\Handlers\FileHandler' driver.
INFO - 2023-12-04 06:37:36 --> Session: Class initialized using 'CodeIgniter\Session\Handlers\FileHandler' driver.
INFO - 2023-12-04 06:37:38 --> Session: Class initialized using 'CodeIgniter\Session\Handlers\FileHandler' driver.
INFO - 2023-12-04 06:39:35 --> Session: Class initialized using 'CodeIgniter\Session\Handlers\FileHandler' driver.
INFO - 2023-12-04 06:39:37 --> Session: Class initialized using 'CodeIgniter\Session\Handlers\FileHandler' driver.
INFO - 2023-12-04 06:39:42 --> Session: Class initialized using 'CodeIgniter\Session\Handlers\FileHandler' driver.
INFO - 2023-12-04 06:42:13 --> Session: Class initialized using 'CodeIgniter\Session\Handlers\FileHandler' driver.
INFO - 2023-12-04 06:42:15 --> Session: Class initialized using 'CodeIgniter\Session\Handlers\FileHandler' driver.
INFO - 2023-12-04 06:42:17 --> Session: Class initialized using 'CodeIgniter\Session\Handlers\FileHandler' driver.
ERROR - 2023-12-04 06:47:28 --> mysqli_sql_exception: Unknown column 'products.id' in 'where clause' in E:\xampp\htdocs\wdpf55_ci\ci_project1_mizan\system\Database\MySQLi\Connection.php:306
Stack trace:
#0 E:\xampp\htdocs\wdpf55_ci\ci_project1_mizan\system\Database\MySQLi\Connection.php(306): mysqli->query('SELECT *\nFROM `...', 0)
#1 E:\xampp\htdocs\wdpf55_ci\ci_project1_mizan\system\Database\BaseConnection.php(693): CodeIgniter\Database\MySQLi\Connection->execute('SELECT *\nFROM `...')
#2 E:\xampp\htdocs\wdpf55_ci\ci_project1_mizan\system\Database\BaseConnection.php(607): CodeIgniter\Database\BaseConnection->simpleQuery('SELECT *\nFROM `...')
#3 E:\xampp\htdocs\wdpf55_ci\ci_project1_mizan\system\Database\BaseBuilder.php(1615): CodeIgniter\Database\BaseConnection->query('SELECT *\nFROM `...', Array, false)
#4 E:\xampp\htdocs\wdpf55_ci\ci_project1_mizan\system\Model.php(196): CodeIgniter\Database\BaseBuilder->get()
#5 E:\xampp\htdocs\wdpf55_ci\ci_project1_mizan\system\BaseModel.php(563): CodeIgniter\Model->doFind(true, '6')
#6 E:\xampp\htdocs\wdpf55_ci\ci_project1_mizan\app\Controllers\ProductController.php(65): CodeIgniter\BaseModel->find('6')
#7 E:\xampp\htdocs\wdpf55_ci\ci_project1_mizan\system\CodeIgniter.php(942): App\Controllers\ProductController->edit('6')
#8 E:\xampp\htdocs\wdpf55_ci\ci_project1_mizan\system\CodeIgniter.php(502): CodeIgniter\CodeIgniter->runController(Object(App\Controllers\ProductController))
#9 E:\xampp\htdocs\wdpf55_ci\ci_project1_mizan\system\CodeIgniter.php(361): CodeIgniter\CodeIgniter->handleRequest(NULL, Object(Config\Cache), false)
#10 E:\xampp\htdocs\wdpf55_ci\ci_project1_mizan\public\index.php(79): CodeIgniter\CodeIgniter->run()
#11 E:\xampp\htdocs\wdpf55_ci\ci_project1_mizan\system\Commands\Server\rewrite.php(47): require_once('E:\\xampp\\htdocs...')
#12 {main}
CRITICAL - 2023-12-04 06:47:28 --> Unknown column 'products.id' in 'where clause'
in SYSTEMPATH\Database\BaseConnection.php on line 647.
 1 SYSTEMPATH\Database\BaseBuilder.php(1615): CodeIgniter\Database\BaseConnection->query('SELECT *
FROM `products`
WHERE `products`.`id` = :products.id:', [...], false)
 2 SYSTEMPATH\Model.php(196): CodeIgniter\Database\BaseBuilder->get()
 3 SYSTEMPATH\BaseModel.php(563): CodeIgniter\Model->doFind(true, '6')
 4 APPPATH\Controllers\ProductController.php(65): CodeIgniter\BaseModel->find('6')
 5 SYSTEMPATH\CodeIgniter.php(942): App\Controllers\ProductController->edit('6')
 6 SYSTEMPATH\CodeIgniter.php(502): CodeIgniter\CodeIgniter->runController(Object(App\Controllers\ProductController))
 7 SYSTEMPATH\CodeIgniter.php(361): CodeIgniter\CodeIgniter->handleRequest(null, Object(Config\Cache), false)
 8 FCPATH\index.php(79): CodeIgniter\CodeIgniter->run()
 9 SYSTEMPATH\Commands\Server\rewrite.php(47): require_once('E:\\xampp\\htdocs\\wdpf55_ci\\ci_project1_mizan\\public\\index.php')
INFO - 2023-12-04 06:47:30 --> Session: Class initialized using 'CodeIgniter\Session\Handlers\FileHandler' driver.
INFO - 2023-12-04 06:47:31 --> Session: Class initialized using 'CodeIgniter\Session\Handlers\FileHandler' driver.
ERROR - 2023-12-04 06:47:33 --> mysqli_sql_exception: Unknown column 'products.id' in 'where clause' in E:\xampp\htdocs\wdpf55_ci\ci_project1_mizan\system\Database\MySQLi\Connection.php:306
Stack trace:
#0 E:\xampp\htdocs\wdpf55_ci\ci_project1_mizan\system\Database\MySQLi\Connection.php(306): mysqli->query('SELECT *\nFROM `...', 0)
#1 E:\xampp\htdocs\wdpf55_ci\ci_project1_mizan\system\Database\BaseConnection.php(693): CodeIgniter\Database\MySQLi\Connection->execute('SELECT *\nFROM `...')
#2 E:\xampp\htdocs\wdpf55_ci\ci_project1_mizan\system\Database\BaseConnection.php(607): CodeIgniter\Database\BaseConnection->simpleQuery('SELECT *\nFROM `...')
#3 E:\xampp\htdocs\wdpf55_ci\ci_project1_mizan\system\Database\BaseBuilder.php(1615): CodeIgniter\Database\BaseConnection->query('SELECT *\nFROM `...', Array, false)
#4 E:\xampp\htdocs\wdpf55_ci\ci_project1_mizan\system\Model.php(196): CodeIgniter\Database\BaseBuilder->get()
#5 E:\xampp\htdocs\wdpf55_ci\ci_project1_mizan\system\BaseModel.php(563): CodeIgniter\Model->doFind(true, '6')
#6 E:\xampp\htdocs\wdpf55_ci\ci_project1_mizan\app\Controllers\ProductController.php(65): CodeIgniter\BaseModel->find('6')
#7 E:\xampp\htdocs\wdpf55_ci\ci_project1_mizan\system\CodeIgniter.php(942): App\Controllers\ProductController->edit('6')
#8 E:\xampp\htdocs\wdpf55_ci\ci_project1_mizan\system\CodeIgniter.php(502): CodeIgniter\CodeIgniter->runController(Object(App\Controllers\ProductController))
#9 E:\xampp\htdocs\wdpf55_ci\ci_project1_mizan\system\CodeIgniter.php(361): CodeIgniter\CodeIgniter->handleRequest(NULL, Object(Config\Cache), false)
#10 E:\xampp\htdocs\wdpf55_ci\ci_project1_mizan\public\index.php(79): CodeIgniter\CodeIgniter->run()
#11 E:\xampp\htdocs\wdpf55_ci\ci_project1_mizan\system\Commands\Server\rewrite.php(47): require_once('E:\\xampp\\htdocs...')
#12 {main}
CRITICAL - 2023-12-04 06:47:33 --> Unknown column 'products.id' in 'where clause'
in SYSTEMPATH\Database\BaseConnection.php on line 647.
 1 SYSTEMPATH\Database\BaseBuilder.php(1615): CodeIgniter\Database\BaseConnection->query('SELECT *
FROM `products`
WHERE `products`.`id` = :products.id:', [...], false)
 2 SYSTEMPATH\Model.php(196): CodeIgniter\Database\BaseBuilder->get()
 3 SYSTEMPATH\BaseModel.php(563): CodeIgniter\Model->doFind(true, '6')
 4 APPPATH\Controllers\ProductController.php(65): CodeIgniter\BaseModel->find('6')
 5 SYSTEMPATH\CodeIgniter.php(942): App\Controllers\ProductController->edit('6')
 6 SYSTEMPATH\CodeIgniter.php(502): CodeIgniter\CodeIgniter->runController(Object(App\Controllers\ProductController))
 7 SYSTEMPATH\CodeIgniter.php(361): CodeIgniter\CodeIgniter->handleRequest(null, Object(Config\Cache), false)
 8 FCPATH\index.php(79): CodeIgniter\CodeIgniter->run()
 9 SYSTEMPATH\Commands\Server\rewrite.php(47): require_once('E:\\xampp\\htdocs\\wdpf55_ci\\ci_project1_mizan\\public\\index.php')
INFO - 2023-12-04 06:51:13 --> Session: Class initialized using 'CodeIgniter\Session\Handlers\FileHandler' driver.
INFO - 2023-12-04 06:51:14 --> Session: Class initialized using 'CodeIgniter\Session\Handlers\FileHandler' driver.
ERROR - 2023-12-04 06:51:16 --> mysqli_sql_exception: Unknown column 'products.id' in 'where clause' in E:\xampp\htdocs\wdpf55_ci\ci_project1_mizan\system\Database\MySQLi\Connection.php:306
Stack trace:
#0 E:\xampp\htdocs\wdpf55_ci\ci_project1_mizan\system\Database\MySQLi\Connection.php(306): mysqli->query('SELECT *\nFROM `...', 0)
#1 E:\xampp\htdocs\wdpf55_ci\ci_project1_mizan\system\Database\BaseConnection.php(693): CodeIgniter\Database\MySQLi\Connection->execute('SELECT *\nFROM `...')
#2 E:\xampp\htdocs\wdpf55_ci\ci_project1_mizan\system\Database\BaseConnection.php(607): CodeIgniter\Database\BaseConnection->simpleQuery('SELECT *\nFROM `...')
#3 E:\xampp\htdocs\wdpf55_ci\ci_project1_mizan\system\Database\BaseBuilder.php(1615): CodeIgniter\Database\BaseConnection->query('SELECT *\nFROM `...', Array, false)
#4 E:\xampp\htdocs\wdpf55_ci\ci_project1_mizan\system\Model.php(196): CodeIgniter\Database\BaseBuilder->get()
#5 E:\xampp\htdocs\wdpf55_ci\ci_project1_mizan\system\BaseModel.php(563): CodeIgniter\Model->doFind(true, '6')
#6 E:\xampp\htdocs\wdpf55_ci\ci_project1_mizan\app\Controllers\ProductController.php(65): CodeIgniter\BaseModel->find('6')
#7 E:\xampp\htdocs\wdpf55_ci\ci_project1_mizan\system\CodeIgniter.php(942): App\Controllers\ProductController->edit('6')
#8 E:\xampp\htdocs\wdpf55_ci\ci_project1_mizan\system\CodeIgniter.php(502): CodeIgniter\CodeIgniter->runController(Object(App\Controllers\ProductController))
#9 E:\xampp\htdocs\wdpf55_ci\ci_project1_mizan\system\CodeIgniter.php(361): CodeIgniter\CodeIgniter->handleRequest(NULL, Object(Config\Cache), false)
#10 E:\xampp\htdocs\wdpf55_ci\ci_project1_mizan\public\index.php(79): CodeIgniter\CodeIgniter->run()
#11 E:\xampp\htdocs\wdpf55_ci\ci_project1_mizan\system\Commands\Server\rewrite.php(47): require_once('E:\\xampp\\htdocs...')
#12 {main}
CRITICAL - 2023-12-04 06:51:16 --> Unknown column 'products.id' in 'where clause'
in SYSTEMPATH\Database\BaseConnection.php on line 647.
 1 SYSTEMPATH\Database\BaseBuilder.php(1615): CodeIgniter\Database\BaseConnection->query('SELECT *
FROM `products`
WHERE `products`.`id` = :products.id:', [...], false)
 2 SYSTEMPATH\Model.php(196): CodeIgniter\Database\BaseBuilder->get()
 3 SYSTEMPATH\BaseModel.php(563): CodeIgniter\Model->doFind(true, '6')
 4 APPPATH\Controllers\ProductController.php(65): CodeIgniter\BaseModel->find('6')
 5 SYSTEMPATH\CodeIgniter.php(942): App\Controllers\ProductController->edit('6')
 6 SYSTEMPATH\CodeIgniter.php(502): CodeIgniter\CodeIgniter->runController(Object(App\Controllers\ProductController))
 7 SYSTEMPATH\CodeIgniter.php(361): CodeIgniter\CodeIgniter->handleRequest(null, Object(Config\Cache), false)
 8 FCPATH\index.php(79): CodeIgniter\CodeIgniter->run()
 9 SYSTEMPATH\Commands\Server\rewrite.php(47): require_once('E:\\xampp\\htdocs\\wdpf55_ci\\ci_project1_mizan\\public\\index.php')
INFO - 2023-12-04 07:01:27 --> Session: Class initialized using 'CodeIgniter\Session\Handlers\FileHandler' driver.
INFO - 2023-12-04 07:01:29 --> Session: Class initialized using 'CodeIgniter\Session\Handlers\FileHandler' driver.
INFO - 2023-12-04 07:01:30 --> Session: Class initialized using 'CodeIgniter\Session\Handlers\FileHandler' driver.
INFO - 2023-12-04 07:02:06 --> Session: Class initialized using 'CodeIgniter\Session\Handlers\FileHandler' driver.
INFO - 2023-12-04 07:03:43 --> Session: Class initialized using 'CodeIgniter\Session\Handlers\FileHandler' driver.
INFO - 2023-12-04 07:03:47 --> Session: Class initialized using 'CodeIgniter\Session\Handlers\FileHandler' driver.
INFO - 2023-12-04 07:03:49 --> Session: Class initialized using 'CodeIgniter\Session\Handlers\FileHandler' driver.
INFO - 2023-12-04 07:03:52 --> Session: Class initialized using 'CodeIgniter\Session\Handlers\FileHandler' driver.
INFO - 2023-12-04 07:03:55 --> Session: Class initialized using 'CodeIgniter\Session\Handlers\FileHandler' driver.
INFO - 2023-12-04 07:03:56 --> Session: Class initialized using 'CodeIgniter\Session\Handlers\FileHandler' driver.
INFO - 2023-12-04 07:04:45 --> Session: Class initialized using 'CodeIgniter\Session\Handlers\FileHandler' driver.
INFO - 2023-12-04 07:05:44 --> Session: Class initialized using 'CodeIgniter\Session\Handlers\FileHandler' driver.
INFO - 2023-12-04 07:05:46 --> Session: Class initialized using 'CodeIgniter\Session\Handlers\FileHandler' driver.
INFO - 2023-12-04 07:05:49 --> Session: Class initialized using 'CodeIgniter\Session\Handlers\FileHandler' driver.
INFO - 2023-12-04 07:05:51 --> Session: Class initialized using 'CodeIgniter\Session\Handlers\FileHandler' driver.
INFO - 2023-12-04 07:06:00 --> Session: Class initialized using 'CodeIgniter\Session\Handlers\FileHandler' driver.
INFO - 2023-12-04 07:06:04 --> Session: Class initialized using 'CodeIgniter\Session\Handlers\FileHandler' driver.
INFO - 2023-12-04 07:15:25 --> Session: Class initialized using 'CodeIgniter\Session\Handlers\FileHandler' driver.
INFO - 2023-12-04 07:15:28 --> Session: Class initialized using 'CodeIgniter\Session\Handlers\FileHandler' driver.
INFO - 2023-12-04 07:15:29 --> Session: Class initialized using 'CodeIgniter\Session\Handlers\FileHandler' driver.
INFO - 2023-12-04 07:16:34 --> Session: Class initialized using 'CodeIgniter\Session\Handlers\FileHandler' driver.
INFO - 2023-12-04 07:16:37 --> Session: Class initialized using 'CodeIgniter\Session\Handlers\FileHandler' driver.
INFO - 2023-12-04 07:16:58 --> Session: Class initialized using 'CodeIgniter\Session\Handlers\FileHandler' driver.
